{"/home/nathan/Documents/workspace/lib/os/gennode_authorization/main.js":{"path":"/home/nathan/Documents/workspace/lib/os/gennode_authorization/main.js","s":{"1":1,"2":1,"3":1,"4":1,"5":0,"6":0,"7":0,"8":1,"9":1,"10":1,"11":1,"12":1,"13":1,"14":1,"15":1,"16":1,"17":1,"18":1,"19":1,"20":1,"21":0,"22":1,"23":0,"24":0,"25":0,"26":0,"27":1,"28":0,"29":0,"30":0,"31":0,"32":0,"33":1,"34":0,"35":0,"36":1,"37":0,"38":0,"39":0,"40":0,"41":1,"42":0,"43":0,"44":1,"45":0,"46":0,"47":1,"48":0,"49":0,"50":1,"51":0,"52":0,"53":0,"54":1,"55":0,"56":0,"57":1,"58":0,"59":0,"60":1,"61":0,"62":0,"63":1,"64":0,"65":0,"66":1,"67":0,"68":0,"69":1,"70":0,"71":0,"72":1,"73":0,"74":0,"75":1,"76":0,"77":0,"78":1,"79":0,"80":0,"81":0,"82":1,"83":0,"84":0,"85":1,"86":0,"87":0,"88":1,"89":0,"90":0,"91":1,"92":0,"93":0,"94":1,"95":0,"96":0,"97":1,"98":0,"99":0,"100":1,"101":0,"102":0,"103":0,"104":1,"105":0,"106":0,"107":1,"108":0,"109":0,"110":1,"111":0,"112":0,"113":1,"114":0,"115":0,"116":1,"117":0,"118":0,"119":1,"120":0,"121":0,"122":1,"123":0,"124":0,"125":1,"126":0,"127":0,"128":1,"129":0,"130":0,"131":1,"132":0,"133":0,"134":0,"135":1,"136":0,"137":0,"138":1,"139":0,"140":0,"141":1,"142":0,"143":0,"144":1,"145":0,"146":0,"147":1,"148":0,"149":0,"150":1,"151":0,"152":0,"153":1,"154":0,"155":0,"156":0,"157":1,"158":0,"159":0,"160":1,"161":0,"162":0,"163":1,"164":0,"165":0,"166":1,"167":0,"168":0,"169":1,"170":0,"171":0,"172":1,"173":0,"174":0,"175":1,"176":0,"177":0,"178":1,"179":0,"180":0,"181":1,"182":0,"183":0,"184":1,"185":0,"186":0,"187":1,"188":0,"189":0,"190":1,"191":0,"192":0,"193":0,"194":0,"195":0,"196":1,"197":0,"198":0,"199":1,"200":0,"201":0,"202":1,"203":0,"204":0,"205":1,"206":0,"207":0,"208":0,"209":1,"210":0,"211":0,"212":1,"213":0,"214":0,"215":0,"216":0,"217":1,"218":0,"219":0,"220":1,"221":0,"222":0,"223":1,"224":0,"225":0,"226":0,"227":0,"228":1,"229":0,"230":0,"231":0,"232":0,"233":0,"234":1,"235":0,"236":0,"237":0,"238":0,"239":0,"240":1,"241":0,"242":0,"243":0,"244":0,"245":1,"246":0,"247":0,"248":0,"249":1,"250":0,"251":0,"252":0,"253":0,"254":0,"255":1,"256":0,"257":0,"258":0,"259":0,"260":0,"261":0,"262":1,"263":0,"264":0,"265":0,"266":0,"267":0,"268":0,"269":0,"270":1,"271":0,"272":0,"273":0,"274":0,"275":0,"276":0,"277":0,"278":0,"279":0,"280":1,"281":0,"282":0,"283":1,"284":0,"285":0,"286":0,"287":0,"288":0,"289":0,"290":0,"291":0,"292":0,"293":0,"294":0,"295":1,"296":0,"297":1,"298":0,"299":1,"300":1,"301":1,"302":1,"303":1,"304":1},"b":{"1":[1,0],"2":[0,0],"3":[0,0],"4":[0,0],"5":[0,0],"6":[0,0],"7":[0,0],"8":[0,0],"9":[0,0],"10":[0,0],"11":[0,0]},"f":{"1":1,"2":0,"3":1,"4":1,"5":1,"6":0,"7":0,"8":0,"9":0,"10":0,"11":0,"12":0,"13":0,"14":0,"15":0,"16":0,"17":0,"18":0,"19":0,"20":0,"21":0,"22":0,"23":0,"24":0,"25":0,"26":0,"27":0,"28":0,"29":0,"30":0,"31":0,"32":0,"33":0,"34":0,"35":0,"36":0,"37":0,"38":0,"39":0,"40":0,"41":0,"42":0,"43":0,"44":0,"45":0,"46":0,"47":0,"48":0,"49":0,"50":0,"51":0,"52":0,"53":0,"54":0,"55":0,"56":0,"57":0,"58":0,"59":0,"60":0,"61":0,"62":0,"63":0,"64":0,"65":0,"66":0,"67":0,"68":0,"69":0,"70":0,"71":0,"72":0,"73":0,"74":0,"75":0,"76":0,"77":0,"78":0,"79":0,"80":0,"81":0,"82":0,"83":0,"84":0,"85":0,"86":0,"87":0,"88":0,"89":0,"90":0,"91":0,"92":1},"fnMap":{"1":{"name":"(anonymous_1)","line":42,"loc":{"start":{"line":42,"column":30},"end":{"line":42,"column":81}}},"2":{"name":"(anonymous_2)","line":71,"loc":{"start":{"line":71,"column":10},"end":{"line":71,"column":22}}},"3":{"name":"locateConfigFile","line":90,"loc":{"start":{"line":90,"column":8},"end":{"line":90,"column":44}}},"4":{"name":"mergeConfigFile","line":103,"loc":{"start":{"line":103,"column":8},"end":{"line":103,"column":43}}},"5":{"name":"validateConfigFile","line":115,"loc":{"start":{"line":115,"column":8},"end":{"line":115,"column":46}}},"6":{"name":"refactorConfigFile","line":130,"loc":{"start":{"line":130,"column":8},"end":{"line":130,"column":46}}},"7":{"name":"generateDirectories","line":144,"loc":{"start":{"line":144,"column":8},"end":{"line":144,"column":47}}},"8":{"name":"generatePackageJSON","line":158,"loc":{"start":{"line":158,"column":8},"end":{"line":158,"column":47}}},"9":{"name":"generateGit","line":168,"loc":{"start":{"line":168,"column":8},"end":{"line":168,"column":39}}},"10":{"name":"(anonymous_10)","line":171,"loc":{"start":{"line":171,"column":23},"end":{"line":171,"column":35}}},"11":{"name":"generateEnvironmentFile","line":181,"loc":{"start":{"line":181,"column":8},"end":{"line":181,"column":51}}},"12":{"name":"generateApp","line":191,"loc":{"start":{"line":191,"column":8},"end":{"line":191,"column":39}}},"13":{"name":"generateConfig","line":202,"loc":{"start":{"line":202,"column":8},"end":{"line":202,"column":42}}},"14":{"name":"generateControllers","line":212,"loc":{"start":{"line":212,"column":8},"end":{"line":212,"column":47}}},"15":{"name":"(anonymous_15)","line":224,"loc":{"start":{"line":224,"column":14},"end":{"line":224,"column":26}}},"16":{"name":"generateAcm","line":233,"loc":{"start":{"line":233,"column":12},"end":{"line":233,"column":37}}},"17":{"name":"generateAdmin","line":243,"loc":{"start":{"line":243,"column":12},"end":{"line":243,"column":39}}},"18":{"name":"generateLog","line":253,"loc":{"start":{"line":253,"column":12},"end":{"line":253,"column":37}}},"19":{"name":"generateRole","line":263,"loc":{"start":{"line":263,"column":12},"end":{"line":263,"column":38}}},"20":{"name":"generateSchema","line":273,"loc":{"start":{"line":273,"column":12},"end":{"line":273,"column":40}}},"21":{"name":"generateService","line":283,"loc":{"start":{"line":283,"column":12},"end":{"line":283,"column":41}}},"22":{"name":"generateToken","line":293,"loc":{"start":{"line":293,"column":12},"end":{"line":293,"column":39}}},"23":{"name":"generateUser","line":303,"loc":{"start":{"line":303,"column":12},"end":{"line":303,"column":38}}},"24":{"name":"generateDals","line":314,"loc":{"start":{"line":314,"column":8},"end":{"line":314,"column":40}}},"25":{"name":"(anonymous_25)","line":324,"loc":{"start":{"line":324,"column":14},"end":{"line":324,"column":26}}},"26":{"name":"generateAcm","line":333,"loc":{"start":{"line":333,"column":12},"end":{"line":333,"column":37}}},"27":{"name":"generateAdmin","line":343,"loc":{"start":{"line":343,"column":12},"end":{"line":343,"column":39}}},"28":{"name":"generateRole","line":353,"loc":{"start":{"line":353,"column":12},"end":{"line":353,"column":38}}},"29":{"name":"generateSchema","line":363,"loc":{"start":{"line":363,"column":12},"end":{"line":363,"column":40}}},"30":{"name":"generateService","line":373,"loc":{"start":{"line":373,"column":12},"end":{"line":373,"column":41}}},"31":{"name":"generateUser","line":383,"loc":{"start":{"line":383,"column":12},"end":{"line":383,"column":38}}},"32":{"name":"generateLibs","line":395,"loc":{"start":{"line":395,"column":8},"end":{"line":395,"column":40}}},"33":{"name":"(anonymous_33)","line":408,"loc":{"start":{"line":408,"column":14},"end":{"line":408,"column":26}}},"34":{"name":"generateAccessRoutes","line":417,"loc":{"start":{"line":417,"column":12},"end":{"line":417,"column":46}}},"35":{"name":"generateConstants","line":427,"loc":{"start":{"line":427,"column":12},"end":{"line":427,"column":43}}},"36":{"name":"generateErrorCodes","line":437,"loc":{"start":{"line":437,"column":12},"end":{"line":437,"column":44}}},"37":{"name":"generateConstantIndex","line":447,"loc":{"start":{"line":447,"column":12},"end":{"line":447,"column":47}}},"38":{"name":"generateHelperIndex","line":457,"loc":{"start":{"line":457,"column":12},"end":{"line":457,"column":45}}},"39":{"name":"generateControllerHelper","line":467,"loc":{"start":{"line":467,"column":12},"end":{"line":467,"column":50}}},"40":{"name":"generateAuthorizeMW","line":477,"loc":{"start":{"line":477,"column":12},"end":{"line":477,"column":45}}},"41":{"name":"generateApiIndex","line":487,"loc":{"start":{"line":487,"column":12},"end":{"line":487,"column":42}}},"42":{"name":"generateInitializer","line":497,"loc":{"start":{"line":497,"column":12},"end":{"line":497,"column":45}}},"43":{"name":"generateModels","line":508,"loc":{"start":{"line":508,"column":8},"end":{"line":508,"column":42}}},"44":{"name":"(anonymous_44)","line":518,"loc":{"start":{"line":518,"column":14},"end":{"line":518,"column":26}}},"45":{"name":"generateAcm","line":527,"loc":{"start":{"line":527,"column":12},"end":{"line":527,"column":37}}},"46":{"name":"generateAdmin","line":538,"loc":{"start":{"line":538,"column":12},"end":{"line":538,"column":39}}},"47":{"name":"generateRole","line":549,"loc":{"start":{"line":549,"column":12},"end":{"line":549,"column":38}}},"48":{"name":"generateSchema","line":559,"loc":{"start":{"line":559,"column":12},"end":{"line":559,"column":40}}},"49":{"name":"generateService","line":569,"loc":{"start":{"line":569,"column":12},"end":{"line":569,"column":41}}},"50":{"name":"generateUser","line":579,"loc":{"start":{"line":579,"column":12},"end":{"line":579,"column":38}}},"51":{"name":"generateRoutes","line":585,"loc":{"start":{"line":585,"column":8},"end":{"line":585,"column":42}}},"52":{"name":"(anonymous_52)","line":600,"loc":{"start":{"line":600,"column":14},"end":{"line":600,"column":26}}},"53":{"name":"generateAcm","line":609,"loc":{"start":{"line":609,"column":12},"end":{"line":609,"column":37}}},"54":{"name":"generateAdmin","line":619,"loc":{"start":{"line":619,"column":12},"end":{"line":619,"column":39}}},"55":{"name":"generateIndex","line":629,"loc":{"start":{"line":629,"column":12},"end":{"line":629,"column":39}}},"56":{"name":"generateLog","line":640,"loc":{"start":{"line":640,"column":12},"end":{"line":640,"column":37}}},"57":{"name":"generateRole","line":650,"loc":{"start":{"line":650,"column":12},"end":{"line":650,"column":38}}},"58":{"name":"generateSchema","line":660,"loc":{"start":{"line":660,"column":12},"end":{"line":660,"column":40}}},"59":{"name":"generateService","line":670,"loc":{"start":{"line":670,"column":12},"end":{"line":670,"column":41}}},"60":{"name":"generateToken","line":680,"loc":{"start":{"line":680,"column":12},"end":{"line":680,"column":39}}},"61":{"name":"generateUser","line":690,"loc":{"start":{"line":690,"column":12},"end":{"line":690,"column":38}}},"62":{"name":"generateSocketIndex","line":700,"loc":{"start":{"line":700,"column":12},"end":{"line":700,"column":45}}},"63":{"name":"generateSocketLog","line":710,"loc":{"start":{"line":710,"column":12},"end":{"line":710,"column":43}}},"64":{"name":"generateTestFiles","line":721,"loc":{"start":{"line":721,"column":8},"end":{"line":721,"column":45}}},"65":{"name":"(anonymous_65)","line":730,"loc":{"start":{"line":730,"column":18},"end":{"line":730,"column":30}}},"66":{"name":"generateDummyData","line":740,"loc":{"start":{"line":740,"column":16},"end":{"line":740,"column":47}}},"67":{"name":"generateStressFile","line":750,"loc":{"start":{"line":750,"column":16},"end":{"line":750,"column":48}}},"68":{"name":"generateTestFile","line":760,"loc":{"start":{"line":760,"column":16},"end":{"line":760,"column":46}}},"69":{"name":"generateUrlGenerator","line":770,"loc":{"start":{"line":770,"column":16},"end":{"line":770,"column":50}}},"70":{"name":"generateJenkinsFile","line":786,"loc":{"start":{"line":786,"column":8},"end":{"line":786,"column":47}}},"71":{"name":"generateDockerFile","line":796,"loc":{"start":{"line":796,"column":8},"end":{"line":796,"column":46}}},"72":{"name":"(anonymous_72)","line":804,"loc":{"start":{"line":804,"column":18},"end":{"line":804,"column":30}}},"73":{"name":"generateDockerIgnore","line":813,"loc":{"start":{"line":813,"column":16},"end":{"line":813,"column":50}}},"74":{"name":"generateDockerCompose","line":823,"loc":{"start":{"line":823,"column":16},"end":{"line":823,"column":51}}},"75":{"name":"generateDocker","line":833,"loc":{"start":{"line":833,"column":16},"end":{"line":833,"column":44}}},"76":{"name":"generatePostManCollectionFile","line":849,"loc":{"start":{"line":849,"column":8},"end":{"line":849,"column":57}}},"77":{"name":"generateReadMeFile","line":865,"loc":{"start":{"line":865,"column":8},"end":{"line":865,"column":46}}},"78":{"name":"generateApiDocJSON","line":881,"loc":{"start":{"line":881,"column":8},"end":{"line":881,"column":46}}},"79":{"name":"installPackages","line":895,"loc":{"start":{"line":895,"column":8},"end":{"line":895,"column":43}}},"80":{"name":"generateTestReportAndCoverage","line":906,"loc":{"start":{"line":906,"column":8},"end":{"line":906,"column":57}}},"81":{"name":"generateDocumentation","line":920,"loc":{"start":{"line":920,"column":8},"end":{"line":920,"column":49}}},"82":{"name":"commitFiles","line":937,"loc":{"start":{"line":937,"column":8},"end":{"line":937,"column":39}}},"83":{"name":"runServer","line":955,"loc":{"start":{"line":955,"column":8},"end":{"line":955,"column":37}}},"84":{"name":"(anonymous_84)","line":972,"loc":{"start":{"line":972,"column":30},"end":{"line":972,"column":42}}},"85":{"name":"(anonymous_85)","line":974,"loc":{"start":{"line":974,"column":201},"end":{"line":974,"column":213}}},"86":{"name":"(anonymous_86)","line":984,"loc":{"start":{"line":984,"column":30},"end":{"line":984,"column":49}}},"87":{"name":"(anonymous_87)","line":990,"loc":{"start":{"line":990,"column":10},"end":{"line":990,"column":22}}},"88":{"name":"createEnvironmentObject","line":998,"loc":{"start":{"line":998,"column":8},"end":{"line":998,"column":51}}},"89":{"name":"removeEnvironmentObjectFromAnswers","line":1021,"loc":{"start":{"line":1021,"column":8},"end":{"line":1021,"column":75}}},"90":{"name":"mergeDefaultConfigAndAnswer","line":1041,"loc":{"start":{"line":1041,"column":8},"end":{"line":1041,"column":55}}},"91":{"name":"generateConfigurationFile","line":1050,"loc":{"start":{"line":1050,"column":8},"end":{"line":1050,"column":53}}},"92":{"name":"mergeConfigFiles","line":1063,"loc":{"start":{"line":1063,"column":0},"end":{"line":1063,"column":54}}}},"statementMap":{"1":{"start":{"line":10,"column":0},"end":{"line":24,"column":39}},"2":{"start":{"line":26,"column":0},"end":{"line":28,"column":18}},"3":{"start":{"line":34,"column":0},"end":{"line":1055,"column":2}},"4":{"start":{"line":44,"column":8},"end":{"line":83,"column":11}},"5":{"start":{"line":72,"column":12},"end":{"line":72,"column":62}},"6":{"start":{"line":73,"column":12},"end":{"line":81,"column":14}},"7":{"start":{"line":82,"column":12},"end":{"line":82,"column":27}},"8":{"start":{"line":90,"column":8},"end":{"line":96,"column":9}},"9":{"start":{"line":91,"column":12},"end":{"line":91,"column":62}},"10":{"start":{"line":92,"column":12},"end":{"line":92,"column":63}},"11":{"start":{"line":93,"column":12},"end":{"line":93,"column":66}},"12":{"start":{"line":94,"column":12},"end":{"line":94,"column":50}},"13":{"start":{"line":95,"column":12},"end":{"line":95,"column":27}},"14":{"start":{"line":103,"column":8},"end":{"line":108,"column":9}},"15":{"start":{"line":104,"column":12},"end":{"line":104,"column":61}},"16":{"start":{"line":105,"column":12},"end":{"line":105,"column":54}},"17":{"start":{"line":115,"column":8},"end":{"line":123,"column":9}},"18":{"start":{"line":116,"column":12},"end":{"line":116,"column":61}},"19":{"start":{"line":118,"column":12},"end":{"line":122,"column":13}},"20":{"start":{"line":119,"column":16},"end":{"line":119,"column":95}},"21":{"start":{"line":121,"column":16},"end":{"line":121,"column":31}},"22":{"start":{"line":130,"column":8},"end":{"line":137,"column":9}},"23":{"start":{"line":131,"column":12},"end":{"line":131,"column":64}},"24":{"start":{"line":133,"column":12},"end":{"line":135,"column":13}},"25":{"start":{"line":134,"column":16},"end":{"line":134,"column":72}},"26":{"start":{"line":136,"column":12},"end":{"line":136,"column":27}},"27":{"start":{"line":144,"column":8},"end":{"line":151,"column":9}},"28":{"start":{"line":145,"column":12},"end":{"line":145,"column":64}},"29":{"start":{"line":147,"column":12},"end":{"line":147,"column":79}},"30":{"start":{"line":148,"column":12},"end":{"line":148,"column":76}},"31":{"start":{"line":149,"column":12},"end":{"line":149,"column":37}},"32":{"start":{"line":150,"column":12},"end":{"line":150,"column":27}},"33":{"start":{"line":158,"column":8},"end":{"line":161,"column":9}},"34":{"start":{"line":159,"column":12},"end":{"line":159,"column":65}},"35":{"start":{"line":160,"column":12},"end":{"line":160,"column":162}},"36":{"start":{"line":168,"column":8},"end":{"line":174,"column":9}},"37":{"start":{"line":169,"column":12},"end":{"line":169,"column":56}},"38":{"start":{"line":170,"column":12},"end":{"line":170,"column":37}},"39":{"start":{"line":171,"column":12},"end":{"line":173,"column":20}},"40":{"start":{"line":172,"column":16},"end":{"line":172,"column":148}},"41":{"start":{"line":181,"column":8},"end":{"line":184,"column":9}},"42":{"start":{"line":182,"column":12},"end":{"line":182,"column":65}},"43":{"start":{"line":183,"column":12},"end":{"line":183,"column":133}},"44":{"start":{"line":191,"column":8},"end":{"line":195,"column":9}},"45":{"start":{"line":192,"column":12},"end":{"line":192,"column":57}},"46":{"start":{"line":193,"column":12},"end":{"line":193,"column":142}},"47":{"start":{"line":202,"column":8},"end":{"line":205,"column":9}},"48":{"start":{"line":203,"column":12},"end":{"line":203,"column":60}},"49":{"start":{"line":204,"column":12},"end":{"line":204,"column":156}},"50":{"start":{"line":212,"column":8},"end":{"line":307,"column":9}},"51":{"start":{"line":213,"column":12},"end":{"line":213,"column":65}},"52":{"start":{"line":215,"column":12},"end":{"line":226,"column":15}},"53":{"start":{"line":225,"column":16},"end":{"line":225,"column":31}},"54":{"start":{"line":233,"column":12},"end":{"line":236,"column":13}},"55":{"start":{"line":234,"column":16},"end":{"line":234,"column":52}},"56":{"start":{"line":235,"column":16},"end":{"line":235,"column":158}},"57":{"start":{"line":243,"column":12},"end":{"line":246,"column":13}},"58":{"start":{"line":244,"column":16},"end":{"line":244,"column":54}},"59":{"start":{"line":245,"column":16},"end":{"line":245,"column":162}},"60":{"start":{"line":253,"column":12},"end":{"line":256,"column":13}},"61":{"start":{"line":254,"column":16},"end":{"line":254,"column":54}},"62":{"start":{"line":255,"column":16},"end":{"line":255,"column":158}},"63":{"start":{"line":263,"column":12},"end":{"line":266,"column":13}},"64":{"start":{"line":264,"column":16},"end":{"line":264,"column":53}},"65":{"start":{"line":265,"column":16},"end":{"line":265,"column":160}},"66":{"start":{"line":273,"column":12},"end":{"line":276,"column":13}},"67":{"start":{"line":274,"column":16},"end":{"line":274,"column":55}},"68":{"start":{"line":275,"column":16},"end":{"line":275,"column":164}},"69":{"start":{"line":283,"column":12},"end":{"line":286,"column":13}},"70":{"start":{"line":284,"column":16},"end":{"line":284,"column":55}},"71":{"start":{"line":285,"column":16},"end":{"line":285,"column":166}},"72":{"start":{"line":293,"column":12},"end":{"line":296,"column":13}},"73":{"start":{"line":294,"column":16},"end":{"line":294,"column":53}},"74":{"start":{"line":295,"column":16},"end":{"line":295,"column":162}},"75":{"start":{"line":303,"column":12},"end":{"line":306,"column":13}},"76":{"start":{"line":304,"column":16},"end":{"line":304,"column":52}},"77":{"start":{"line":305,"column":16},"end":{"line":305,"column":160}},"78":{"start":{"line":314,"column":8},"end":{"line":388,"column":9}},"79":{"start":{"line":315,"column":12},"end":{"line":315,"column":58}},"80":{"start":{"line":317,"column":12},"end":{"line":326,"column":15}},"81":{"start":{"line":325,"column":16},"end":{"line":325,"column":31}},"82":{"start":{"line":333,"column":12},"end":{"line":336,"column":13}},"83":{"start":{"line":334,"column":16},"end":{"line":334,"column":52}},"84":{"start":{"line":335,"column":16},"end":{"line":335,"column":144}},"85":{"start":{"line":343,"column":12},"end":{"line":346,"column":13}},"86":{"start":{"line":344,"column":16},"end":{"line":344,"column":54}},"87":{"start":{"line":345,"column":16},"end":{"line":345,"column":148}},"88":{"start":{"line":353,"column":12},"end":{"line":356,"column":13}},"89":{"start":{"line":354,"column":16},"end":{"line":354,"column":53}},"90":{"start":{"line":355,"column":16},"end":{"line":355,"column":146}},"91":{"start":{"line":363,"column":12},"end":{"line":366,"column":13}},"92":{"start":{"line":364,"column":16},"end":{"line":364,"column":55}},"93":{"start":{"line":365,"column":16},"end":{"line":365,"column":150}},"94":{"start":{"line":373,"column":12},"end":{"line":376,"column":13}},"95":{"start":{"line":374,"column":16},"end":{"line":374,"column":55}},"96":{"start":{"line":375,"column":16},"end":{"line":375,"column":152}},"97":{"start":{"line":383,"column":12},"end":{"line":386,"column":13}},"98":{"start":{"line":384,"column":16},"end":{"line":384,"column":52}},"99":{"start":{"line":385,"column":16},"end":{"line":385,"column":146}},"100":{"start":{"line":395,"column":8},"end":{"line":501,"column":9}},"101":{"start":{"line":396,"column":12},"end":{"line":396,"column":62}},"102":{"start":{"line":398,"column":12},"end":{"line":410,"column":15}},"103":{"start":{"line":409,"column":16},"end":{"line":409,"column":31}},"104":{"start":{"line":417,"column":12},"end":{"line":420,"column":13}},"105":{"start":{"line":418,"column":16},"end":{"line":418,"column":61}},"106":{"start":{"line":419,"column":16},"end":{"line":419,"column":180}},"107":{"start":{"line":427,"column":12},"end":{"line":430,"column":13}},"108":{"start":{"line":428,"column":16},"end":{"line":428,"column":61}},"109":{"start":{"line":429,"column":16},"end":{"line":429,"column":172}},"110":{"start":{"line":437,"column":12},"end":{"line":440,"column":13}},"111":{"start":{"line":438,"column":16},"end":{"line":438,"column":63}},"112":{"start":{"line":439,"column":16},"end":{"line":439,"column":176}},"113":{"start":{"line":447,"column":12},"end":{"line":450,"column":13}},"114":{"start":{"line":448,"column":16},"end":{"line":448,"column":66}},"115":{"start":{"line":449,"column":16},"end":{"line":449,"column":166}},"116":{"start":{"line":457,"column":12},"end":{"line":460,"column":13}},"117":{"start":{"line":458,"column":16},"end":{"line":458,"column":64}},"118":{"start":{"line":459,"column":16},"end":{"line":459,"column":162}},"119":{"start":{"line":467,"column":12},"end":{"line":470,"column":13}},"120":{"start":{"line":468,"column":16},"end":{"line":468,"column":69}},"121":{"start":{"line":469,"column":16},"end":{"line":469,"column":198}},"122":{"start":{"line":477,"column":12},"end":{"line":480,"column":13}},"123":{"start":{"line":478,"column":16},"end":{"line":478,"column":69}},"124":{"start":{"line":479,"column":16},"end":{"line":479,"column":185}},"125":{"start":{"line":487,"column":12},"end":{"line":490,"column":13}},"126":{"start":{"line":488,"column":16},"end":{"line":488,"column":69}},"127":{"start":{"line":489,"column":16},"end":{"line":489,"column":170}},"128":{"start":{"line":497,"column":12},"end":{"line":500,"column":13}},"129":{"start":{"line":498,"column":16},"end":{"line":498,"column":63}},"130":{"start":{"line":499,"column":16},"end":{"line":499,"column":188}},"131":{"start":{"line":508,"column":8},"end":{"line":583,"column":9}},"132":{"start":{"line":509,"column":12},"end":{"line":509,"column":60}},"133":{"start":{"line":511,"column":12},"end":{"line":520,"column":15}},"134":{"start":{"line":519,"column":16},"end":{"line":519,"column":31}},"135":{"start":{"line":527,"column":12},"end":{"line":531,"column":13}},"136":{"start":{"line":528,"column":16},"end":{"line":528,"column":52}},"137":{"start":{"line":529,"column":16},"end":{"line":529,"column":148}},"138":{"start":{"line":538,"column":12},"end":{"line":542,"column":13}},"139":{"start":{"line":539,"column":16},"end":{"line":539,"column":54}},"140":{"start":{"line":540,"column":16},"end":{"line":540,"column":152}},"141":{"start":{"line":549,"column":12},"end":{"line":552,"column":13}},"142":{"start":{"line":550,"column":16},"end":{"line":550,"column":53}},"143":{"start":{"line":551,"column":16},"end":{"line":551,"column":150}},"144":{"start":{"line":559,"column":12},"end":{"line":562,"column":13}},"145":{"start":{"line":560,"column":16},"end":{"line":560,"column":55}},"146":{"start":{"line":561,"column":16},"end":{"line":561,"column":154}},"147":{"start":{"line":569,"column":12},"end":{"line":572,"column":13}},"148":{"start":{"line":570,"column":16},"end":{"line":570,"column":55}},"149":{"start":{"line":571,"column":16},"end":{"line":571,"column":156}},"150":{"start":{"line":579,"column":12},"end":{"line":582,"column":13}},"151":{"start":{"line":580,"column":16},"end":{"line":580,"column":52}},"152":{"start":{"line":581,"column":16},"end":{"line":581,"column":150}},"153":{"start":{"line":585,"column":8},"end":{"line":714,"column":9}},"154":{"start":{"line":586,"column":12},"end":{"line":586,"column":55}},"155":{"start":{"line":588,"column":12},"end":{"line":602,"column":15}},"156":{"start":{"line":601,"column":16},"end":{"line":601,"column":31}},"157":{"start":{"line":609,"column":12},"end":{"line":612,"column":13}},"158":{"start":{"line":610,"column":16},"end":{"line":610,"column":52}},"159":{"start":{"line":611,"column":16},"end":{"line":611,"column":148}},"160":{"start":{"line":619,"column":12},"end":{"line":622,"column":13}},"161":{"start":{"line":620,"column":16},"end":{"line":620,"column":54}},"162":{"start":{"line":621,"column":16},"end":{"line":621,"column":152}},"163":{"start":{"line":629,"column":12},"end":{"line":633,"column":13}},"164":{"start":{"line":630,"column":16},"end":{"line":630,"column":54}},"165":{"start":{"line":631,"column":16},"end":{"line":631,"column":152}},"166":{"start":{"line":640,"column":12},"end":{"line":643,"column":13}},"167":{"start":{"line":641,"column":16},"end":{"line":641,"column":52}},"168":{"start":{"line":642,"column":16},"end":{"line":642,"column":148}},"169":{"start":{"line":650,"column":12},"end":{"line":653,"column":13}},"170":{"start":{"line":651,"column":16},"end":{"line":651,"column":53}},"171":{"start":{"line":652,"column":16},"end":{"line":652,"column":150}},"172":{"start":{"line":660,"column":12},"end":{"line":663,"column":13}},"173":{"start":{"line":661,"column":16},"end":{"line":661,"column":55}},"174":{"start":{"line":662,"column":16},"end":{"line":662,"column":154}},"175":{"start":{"line":670,"column":12},"end":{"line":673,"column":13}},"176":{"start":{"line":671,"column":16},"end":{"line":671,"column":55}},"177":{"start":{"line":672,"column":16},"end":{"line":672,"column":156}},"178":{"start":{"line":680,"column":12},"end":{"line":683,"column":13}},"179":{"start":{"line":681,"column":16},"end":{"line":681,"column":55}},"180":{"start":{"line":682,"column":16},"end":{"line":682,"column":152}},"181":{"start":{"line":690,"column":12},"end":{"line":693,"column":13}},"182":{"start":{"line":691,"column":16},"end":{"line":691,"column":52}},"183":{"start":{"line":692,"column":16},"end":{"line":692,"column":150}},"184":{"start":{"line":700,"column":12},"end":{"line":703,"column":13}},"185":{"start":{"line":701,"column":16},"end":{"line":701,"column":61}},"186":{"start":{"line":702,"column":16},"end":{"line":702,"column":154}},"187":{"start":{"line":710,"column":12},"end":{"line":713,"column":13}},"188":{"start":{"line":711,"column":16},"end":{"line":711,"column":59}},"189":{"start":{"line":712,"column":16},"end":{"line":712,"column":150}},"190":{"start":{"line":721,"column":8},"end":{"line":779,"column":9}},"191":{"start":{"line":722,"column":12},"end":{"line":722,"column":58}},"192":{"start":{"line":724,"column":12},"end":{"line":777,"column":13}},"193":{"start":{"line":725,"column":16},"end":{"line":733,"column":19}},"194":{"start":{"line":731,"column":20},"end":{"line":731,"column":73}},"195":{"start":{"line":732,"column":20},"end":{"line":732,"column":35}},"196":{"start":{"line":740,"column":16},"end":{"line":743,"column":17}},"197":{"start":{"line":741,"column":20},"end":{"line":741,"column":64}},"198":{"start":{"line":742,"column":20},"end":{"line":742,"column":164}},"199":{"start":{"line":750,"column":16},"end":{"line":753,"column":17}},"200":{"start":{"line":751,"column":20},"end":{"line":751,"column":65}},"201":{"start":{"line":752,"column":20},"end":{"line":752,"column":158}},"202":{"start":{"line":760,"column":16},"end":{"line":763,"column":17}},"203":{"start":{"line":761,"column":20},"end":{"line":761,"column":63}},"204":{"start":{"line":762,"column":20},"end":{"line":762,"column":152}},"205":{"start":{"line":770,"column":16},"end":{"line":773,"column":17}},"206":{"start":{"line":771,"column":20},"end":{"line":771,"column":67}},"207":{"start":{"line":772,"column":20},"end":{"line":772,"column":170}},"208":{"start":{"line":776,"column":16},"end":{"line":776,"column":67}},"209":{"start":{"line":786,"column":8},"end":{"line":789,"column":9}},"210":{"start":{"line":787,"column":12},"end":{"line":787,"column":61}},"211":{"start":{"line":788,"column":12},"end":{"line":788,"column":151}},"212":{"start":{"line":796,"column":8},"end":{"line":842,"column":9}},"213":{"start":{"line":797,"column":12},"end":{"line":797,"column":60}},"214":{"start":{"line":799,"column":12},"end":{"line":840,"column":13}},"215":{"start":{"line":800,"column":16},"end":{"line":806,"column":19}},"216":{"start":{"line":805,"column":20},"end":{"line":805,"column":35}},"217":{"start":{"line":813,"column":16},"end":{"line":816,"column":17}},"218":{"start":{"line":814,"column":20},"end":{"line":814,"column":69}},"219":{"start":{"line":815,"column":20},"end":{"line":815,"column":156}},"220":{"start":{"line":823,"column":16},"end":{"line":826,"column":17}},"221":{"start":{"line":824,"column":20},"end":{"line":824,"column":70}},"222":{"start":{"line":825,"column":20},"end":{"line":825,"column":170}},"223":{"start":{"line":833,"column":16},"end":{"line":836,"column":17}},"224":{"start":{"line":834,"column":20},"end":{"line":834,"column":67}},"225":{"start":{"line":835,"column":20},"end":{"line":835,"column":150}},"226":{"start":{"line":838,"column":16},"end":{"line":838,"column":67}},"227":{"start":{"line":839,"column":16},"end":{"line":839,"column":31}},"228":{"start":{"line":849,"column":8},"end":{"line":858,"column":9}},"229":{"start":{"line":850,"column":12},"end":{"line":850,"column":72}},"230":{"start":{"line":852,"column":12},"end":{"line":857,"column":13}},"231":{"start":{"line":853,"column":16},"end":{"line":853,"column":242}},"232":{"start":{"line":855,"column":16},"end":{"line":855,"column":69}},"233":{"start":{"line":856,"column":16},"end":{"line":856,"column":31}},"234":{"start":{"line":865,"column":8},"end":{"line":874,"column":9}},"235":{"start":{"line":866,"column":12},"end":{"line":866,"column":60}},"236":{"start":{"line":868,"column":12},"end":{"line":873,"column":13}},"237":{"start":{"line":869,"column":16},"end":{"line":869,"column":157}},"238":{"start":{"line":871,"column":16},"end":{"line":871,"column":68}},"239":{"start":{"line":872,"column":16},"end":{"line":872,"column":31}},"240":{"start":{"line":881,"column":8},"end":{"line":888,"column":9}},"241":{"start":{"line":882,"column":12},"end":{"line":882,"column":59}},"242":{"start":{"line":883,"column":12},"end":{"line":887,"column":13}},"243":{"start":{"line":884,"column":16},"end":{"line":884,"column":161}},"244":{"start":{"line":886,"column":16},"end":{"line":886,"column":67}},"245":{"start":{"line":895,"column":8},"end":{"line":899,"column":9}},"246":{"start":{"line":896,"column":12},"end":{"line":896,"column":61}},"247":{"start":{"line":897,"column":12},"end":{"line":897,"column":40}},"248":{"start":{"line":898,"column":12},"end":{"line":898,"column":27}},"249":{"start":{"line":906,"column":8},"end":{"line":913,"column":9}},"250":{"start":{"line":907,"column":12},"end":{"line":907,"column":78}},"251":{"start":{"line":909,"column":12},"end":{"line":912,"column":34}},"252":{"start":{"line":910,"column":16},"end":{"line":910,"column":45}},"253":{"start":{"line":911,"column":16},"end":{"line":911,"column":31}},"254":{"start":{"line":912,"column":18},"end":{"line":912,"column":33}},"255":{"start":{"line":920,"column":8},"end":{"line":930,"column":9}},"256":{"start":{"line":921,"column":12},"end":{"line":921,"column":62}},"257":{"start":{"line":923,"column":12},"end":{"line":929,"column":13}},"258":{"start":{"line":924,"column":16},"end":{"line":924,"column":47}},"259":{"start":{"line":925,"column":16},"end":{"line":925,"column":31}},"260":{"start":{"line":927,"column":16},"end":{"line":927,"column":65}},"261":{"start":{"line":928,"column":16},"end":{"line":928,"column":31}},"262":{"start":{"line":937,"column":8},"end":{"line":948,"column":9}},"263":{"start":{"line":938,"column":12},"end":{"line":938,"column":60}},"264":{"start":{"line":940,"column":12},"end":{"line":947,"column":13}},"265":{"start":{"line":941,"column":16},"end":{"line":941,"column":42}},"266":{"start":{"line":942,"column":16},"end":{"line":942,"column":83}},"267":{"start":{"line":943,"column":16},"end":{"line":943,"column":31}},"268":{"start":{"line":945,"column":16},"end":{"line":945,"column":43}},"269":{"start":{"line":946,"column":16},"end":{"line":946,"column":31}},"270":{"start":{"line":955,"column":8},"end":{"line":964,"column":9}},"271":{"start":{"line":956,"column":12},"end":{"line":956,"column":59}},"272":{"start":{"line":958,"column":12},"end":{"line":962,"column":13}},"273":{"start":{"line":959,"column":16},"end":{"line":959,"column":46}},"274":{"start":{"line":961,"column":16},"end":{"line":961,"column":43}},"275":{"start":{"line":963,"column":12},"end":{"line":963,"column":27}},"276":{"start":{"line":973,"column":8},"end":{"line":973,"column":104}},"277":{"start":{"line":974,"column":8},"end":{"line":976,"column":11}},"278":{"start":{"line":975,"column":12},"end":{"line":975,"column":109}},"279":{"start":{"line":985,"column":8},"end":{"line":991,"column":11}},"280":{"start":{"line":998,"column":8},"end":{"line":1013,"column":9}},"281":{"start":{"line":999,"column":12},"end":{"line":1010,"column":15}},"282":{"start":{"line":1012,"column":12},"end":{"line":1012,"column":40}},"283":{"start":{"line":1021,"column":8},"end":{"line":1034,"column":9}},"284":{"start":{"line":1022,"column":12},"end":{"line":1022,"column":33}},"285":{"start":{"line":1023,"column":12},"end":{"line":1023,"column":32}},"286":{"start":{"line":1024,"column":12},"end":{"line":1024,"column":38}},"287":{"start":{"line":1025,"column":12},"end":{"line":1025,"column":40}},"288":{"start":{"line":1026,"column":12},"end":{"line":1026,"column":48}},"289":{"start":{"line":1027,"column":12},"end":{"line":1027,"column":44}},"290":{"start":{"line":1028,"column":12},"end":{"line":1028,"column":47}},"291":{"start":{"line":1029,"column":12},"end":{"line":1029,"column":40}},"292":{"start":{"line":1030,"column":12},"end":{"line":1030,"column":34}},"293":{"start":{"line":1032,"column":12},"end":{"line":1032,"column":46}},"294":{"start":{"line":1033,"column":12},"end":{"line":1033,"column":27}},"295":{"start":{"line":1041,"column":8},"end":{"line":1043,"column":9}},"296":{"start":{"line":1042,"column":12},"end":{"line":1042,"column":48}},"297":{"start":{"line":1050,"column":8},"end":{"line":1052,"column":9}},"298":{"start":{"line":1051,"column":12},"end":{"line":1051,"column":256}},"299":{"start":{"line":1063,"column":0},"end":{"line":1069,"column":1}},"300":{"start":{"line":1064,"column":4},"end":{"line":1064,"column":62}},"301":{"start":{"line":1065,"column":4},"end":{"line":1065,"column":36}},"302":{"start":{"line":1066,"column":4},"end":{"line":1066,"column":94}},"303":{"start":{"line":1067,"column":4},"end":{"line":1067,"column":47}},"304":{"start":{"line":1068,"column":4},"end":{"line":1068,"column":19}}},"branchMap":{"1":{"line":118,"type":"if","locations":[{"start":{"line":118,"column":12},"end":{"line":118,"column":12}},{"start":{"line":118,"column":12},"end":{"line":118,"column":12}}]},"2":{"line":133,"type":"if","locations":[{"start":{"line":133,"column":12},"end":{"line":133,"column":12}},{"start":{"line":133,"column":12},"end":{"line":133,"column":12}}]},"3":{"line":724,"type":"if","locations":[{"start":{"line":724,"column":12},"end":{"line":724,"column":12}},{"start":{"line":724,"column":12},"end":{"line":724,"column":12}}]},"4":{"line":799,"type":"if","locations":[{"start":{"line":799,"column":12},"end":{"line":799,"column":12}},{"start":{"line":799,"column":12},"end":{"line":799,"column":12}}]},"5":{"line":852,"type":"if","locations":[{"start":{"line":852,"column":12},"end":{"line":852,"column":12}},{"start":{"line":852,"column":12},"end":{"line":852,"column":12}}]},"6":{"line":868,"type":"if","locations":[{"start":{"line":868,"column":12},"end":{"line":868,"column":12}},{"start":{"line":868,"column":12},"end":{"line":868,"column":12}}]},"7":{"line":883,"type":"if","locations":[{"start":{"line":883,"column":12},"end":{"line":883,"column":12}},{"start":{"line":883,"column":12},"end":{"line":883,"column":12}}]},"8":{"line":909,"type":"if","locations":[{"start":{"line":909,"column":12},"end":{"line":909,"column":12}},{"start":{"line":909,"column":12},"end":{"line":909,"column":12}}]},"9":{"line":923,"type":"if","locations":[{"start":{"line":923,"column":12},"end":{"line":923,"column":12}},{"start":{"line":923,"column":12},"end":{"line":923,"column":12}}]},"10":{"line":940,"type":"if","locations":[{"start":{"line":940,"column":12},"end":{"line":940,"column":12}},{"start":{"line":940,"column":12},"end":{"line":940,"column":12}}]},"11":{"line":958,"type":"if","locations":[{"start":{"line":958,"column":12},"end":{"line":958,"column":12}},{"start":{"line":958,"column":12},"end":{"line":958,"column":12}}]}}},"/home/nathan/Documents/workspace/lib/os/gennode_authorization/src/lib/index.js":{"path":"/home/nathan/Documents/workspace/lib/os/gennode_authorization/src/lib/index.js","s":{"1":1,"2":1,"3":0,"4":0,"5":1,"6":0,"7":0,"8":1,"9":0,"10":0,"11":0,"12":1,"13":0,"14":0,"15":0,"16":0,"17":0},"b":{"1":[0,0]},"f":{"1":0,"2":0,"3":0,"4":0,"5":0,"6":0},"fnMap":{"1":{"name":"replacer","line":26,"loc":{"start":{"line":26,"column":23},"end":{"line":26,"column":96}}},"2":{"name":"(anonymous_2)","line":32,"loc":{"start":{"line":32,"column":6},"end":{"line":32,"column":18}}},"3":{"name":"copyFile","line":41,"loc":{"start":{"line":41,"column":4},"end":{"line":41,"column":26}}},"4":{"name":"renameFile","line":52,"loc":{"start":{"line":52,"column":4},"end":{"line":52,"column":28}}},"5":{"name":"(anonymous_5)","line":55,"loc":{"start":{"line":55,"column":74},"end":{"line":55,"column":86}}},"6":{"name":"replacePlaceHolders","line":66,"loc":{"start":{"line":66,"column":4},"end":{"line":66,"column":56}}}},"statementMap":{"1":{"start":{"line":10,"column":0},"end":{"line":15,"column":36}},"2":{"start":{"line":26,"column":0},"end":{"line":80,"column":2}},"3":{"start":{"line":28,"column":4},"end":{"line":34,"column":7}},"4":{"start":{"line":33,"column":8},"end":{"line":33,"column":23}},"5":{"start":{"line":41,"column":4},"end":{"line":45,"column":5}},"6":{"start":{"line":43,"column":8},"end":{"line":43,"column":45}},"7":{"start":{"line":44,"column":8},"end":{"line":44,"column":17}},"8":{"start":{"line":52,"column":4},"end":{"line":58,"column":5}},"9":{"start":{"line":54,"column":8},"end":{"line":54,"column":54}},"10":{"start":{"line":55,"column":8},"end":{"line":57,"column":11}},"11":{"start":{"line":56,"column":12},"end":{"line":56,"column":36}},"12":{"start":{"line":66,"column":4},"end":{"line":78,"column":5}},"13":{"start":{"line":68,"column":8},"end":{"line":76,"column":9}},"14":{"start":{"line":69,"column":12},"end":{"line":69,"column":52}},"15":{"start":{"line":70,"column":12},"end":{"line":73,"column":19}},"16":{"start":{"line":72,"column":20},"end":{"line":72,"column":29}},"17":{"start":{"line":75,"column":12},"end":{"line":75,"column":21}}},"branchMap":{"1":{"line":68,"type":"if","locations":[{"start":{"line":68,"column":8},"end":{"line":68,"column":8}},{"start":{"line":68,"column":8},"end":{"line":68,"column":8}}]}}},"/home/nathan/Documents/workspace/lib/os/gennode_authorization/src/config/index.js":{"path":"/home/nathan/Documents/workspace/lib/os/gennode_authorization/src/config/index.js","s":{"1":1},"b":{},"f":{},"fnMap":{},"statementMap":{"1":{"start":{"line":10,"column":0},"end":{"line":44,"column":2}}},"branchMap":{}},"/home/nathan/Documents/workspace/lib/os/gennode_authorization/src/mergedConfig.js":{"path":"/home/nathan/Documents/workspace/lib/os/gennode_authorization/src/mergedConfig.js","s":{"1":1},"b":{},"f":{},"fnMap":{},"statementMap":{"1":{"start":{"line":10,"column":0},"end":{"line":12,"column":2}}},"branchMap":{}},"/home/nathan/Documents/workspace/lib/os/gennode_authorization/src/config/constants.js":{"path":"/home/nathan/Documents/workspace/lib/os/gennode_authorization/src/config/constants.js","s":{"1":1},"b":{},"f":{},"fnMap":{},"statementMap":{"1":{"start":{"line":10,"column":0},"end":{"line":31,"column":2}}},"branchMap":{}},"/home/nathan/Documents/workspace/lib/os/gennode_authorization/src/generators/replacers.js":{"path":"/home/nathan/Documents/workspace/lib/os/gennode_authorization/src/generators/replacers.js","s":{"1":1,"2":1,"3":0,"4":1,"5":0},"b":{"1":[0,0]},"f":{"1":0,"2":0},"fnMap":{"1":{"name":"packageJSON","line":21,"loc":{"start":{"line":21,"column":24},"end":{"line":21,"column":53}}},"2":{"name":"(anonymous_2)","line":75,"loc":{"start":{"line":75,"column":31},"end":{"line":75,"column":76}}}},"statementMap":{"1":{"start":{"line":10,"column":0},"end":{"line":12,"column":40}},"2":{"start":{"line":21,"column":0},"end":{"line":67,"column":2}},"3":{"start":{"line":23,"column":4},"end":{"line":66,"column":6}},"4":{"start":{"line":75,"column":0},"end":{"line":88,"column":2}},"5":{"start":{"line":76,"column":4},"end":{"line":87,"column":6}}},"branchMap":{"1":{"line":46,"type":"cond-expr","locations":[{"start":{"line":46,"column":22},"end":{"line":46,"column":60}},{"start":{"line":46,"column":63},"end":{"line":46,"column":90}}]}}}}