{"/home/nathan/Documents/workspace/lib/os/gennode_authorization/main.js":{"path":"/home/nathan/Documents/workspace/lib/os/gennode_authorization/main.js","s":{"1":1,"2":1,"3":1,"4":2,"5":1,"6":1,"7":1,"8":1,"9":2,"10":2,"11":2,"12":2,"13":2,"14":1,"15":2,"16":2,"17":1,"18":2,"19":2,"20":1,"21":1,"22":1,"23":1,"24":1,"25":0,"26":1,"27":1,"28":1,"29":1,"30":1,"31":1,"32":1,"33":1,"34":1,"35":1,"36":1,"37":1,"38":1,"39":1,"40":1,"41":1,"42":1,"43":1,"44":1,"45":1,"46":1,"47":1,"48":1,"49":1,"50":1,"51":1,"52":1,"53":1,"54":1,"55":1,"56":1,"57":1,"58":1,"59":1,"60":1,"61":1,"62":1,"63":1,"64":1,"65":1,"66":1,"67":1,"68":1,"69":1,"70":1,"71":1,"72":1,"73":1,"74":1,"75":1,"76":1,"77":1,"78":1,"79":1,"80":1,"81":1,"82":1,"83":1,"84":1,"85":1,"86":1,"87":1,"88":1,"89":1,"90":1,"91":1,"92":1,"93":1,"94":1,"95":1,"96":1,"97":1,"98":1,"99":1,"100":1,"101":1,"102":1,"103":1,"104":1,"105":1,"106":1,"107":1,"108":1,"109":1,"110":1,"111":1,"112":1,"113":1,"114":1,"115":1,"116":1,"117":1,"118":1,"119":1,"120":1,"121":1,"122":1,"123":1,"124":1,"125":1,"126":1,"127":1,"128":1,"129":1,"130":1,"131":1,"132":1,"133":1,"134":1,"135":1,"136":1,"137":1,"138":1,"139":1,"140":1,"141":1,"142":1,"143":1,"144":1,"145":1,"146":1,"147":1,"148":1,"149":1,"150":1,"151":1,"152":1,"153":1,"154":1,"155":1,"156":1,"157":1,"158":1,"159":1,"160":1,"161":1,"162":1,"163":1,"164":1,"165":1,"166":1,"167":1,"168":1,"169":0,"170":1,"171":1,"172":1,"173":1,"174":1,"175":1,"176":1,"177":1,"178":1,"179":1,"180":1,"181":1,"182":1,"183":1,"184":1,"185":1,"186":1,"187":0,"188":0,"189":1,"190":1,"191":1,"192":1,"193":0,"194":0,"195":1,"196":1,"197":1,"198":1,"199":0,"200":0,"201":1,"202":1,"203":1,"204":1,"205":0,"206":1,"207":1,"208":1,"209":1,"210":1,"211":1,"212":1,"213":1,"214":1,"215":0,"216":1,"217":1,"218":1,"219":1,"220":1,"221":0,"222":0,"223":1,"224":1,"225":1,"226":0,"227":0,"228":0,"229":1,"230":1,"231":1,"232":1,"233":1,"234":0,"235":1,"236":1,"237":0,"238":0,"239":0,"240":0,"241":1,"242":0,"243":0,"244":1,"245":0,"246":0,"247":0,"248":0,"249":0,"250":0,"251":0,"252":0,"253":0,"254":0,"255":0,"256":1,"257":0,"258":1,"259":0,"260":1,"261":2,"262":2,"263":2,"264":2,"265":2},"b":{"1":[1,1],"2":[0,1],"3":[1,0],"4":[1,0],"5":[1,0],"6":[1,0],"7":[1,0],"8":[1,0],"9":[1,0],"10":[0,1],"11":[0,1]},"f":{"1":2,"2":1,"3":2,"4":2,"5":2,"6":1,"7":1,"8":1,"9":1,"10":1,"11":1,"12":1,"13":1,"14":1,"15":1,"16":1,"17":1,"18":1,"19":1,"20":1,"21":1,"22":1,"23":1,"24":1,"25":1,"26":1,"27":1,"28":1,"29":1,"30":1,"31":1,"32":1,"33":1,"34":1,"35":1,"36":1,"37":1,"38":1,"39":1,"40":1,"41":1,"42":1,"43":1,"44":1,"45":1,"46":1,"47":1,"48":1,"49":1,"50":1,"51":1,"52":1,"53":1,"54":1,"55":1,"56":1,"57":1,"58":1,"59":1,"60":1,"61":1,"62":1,"63":1,"64":1,"65":1,"66":1,"67":1,"68":1,"69":1,"70":1,"71":0,"72":0,"73":0,"74":0,"75":0,"76":0,"77":0,"78":0,"79":2},"fnMap":{"1":{"name":"(anonymous_1)","line":42,"loc":{"start":{"line":42,"column":43},"end":{"line":42,"column":94}}},"2":{"name":"(anonymous_2)","line":71,"loc":{"start":{"line":71,"column":10},"end":{"line":71,"column":22}}},"3":{"name":"locateConfigFile","line":90,"loc":{"start":{"line":90,"column":8},"end":{"line":90,"column":59}}},"4":{"name":"mergeConfigFile","line":103,"loc":{"start":{"line":103,"column":8},"end":{"line":103,"column":59}}},"5":{"name":"validateConfigFile","line":115,"loc":{"start":{"line":115,"column":8},"end":{"line":115,"column":59}}},"6":{"name":"refactorConfigFile","line":130,"loc":{"start":{"line":130,"column":8},"end":{"line":130,"column":59}}},"7":{"name":"generateDirectories","line":146,"loc":{"start":{"line":146,"column":8},"end":{"line":146,"column":59}}},"8":{"name":"generatePackageJSON","line":160,"loc":{"start":{"line":160,"column":8},"end":{"line":160,"column":59}}},"9":{"name":"generateGit","line":170,"loc":{"start":{"line":170,"column":8},"end":{"line":170,"column":59}}},"10":{"name":"(anonymous_10)","line":173,"loc":{"start":{"line":173,"column":23},"end":{"line":173,"column":35}}},"11":{"name":"generateEnvironmentFile","line":183,"loc":{"start":{"line":183,"column":8},"end":{"line":183,"column":59}}},"12":{"name":"generateApp","line":193,"loc":{"start":{"line":193,"column":8},"end":{"line":193,"column":39}}},"13":{"name":"generateConfig","line":204,"loc":{"start":{"line":204,"column":8},"end":{"line":204,"column":59}}},"14":{"name":"generateControllers","line":214,"loc":{"start":{"line":214,"column":8},"end":{"line":214,"column":47}}},"15":{"name":"(anonymous_15)","line":223,"loc":{"start":{"line":223,"column":14},"end":{"line":223,"column":26}}},"16":{"name":"generateAcm","line":232,"loc":{"start":{"line":232,"column":12},"end":{"line":232,"column":37}}},"17":{"name":"generateRole","line":243,"loc":{"start":{"line":243,"column":12},"end":{"line":243,"column":38}}},"18":{"name":"generateService","line":253,"loc":{"start":{"line":253,"column":12},"end":{"line":253,"column":41}}},"19":{"name":"generateToken","line":263,"loc":{"start":{"line":263,"column":12},"end":{"line":263,"column":39}}},"20":{"name":"generateUser","line":273,"loc":{"start":{"line":273,"column":12},"end":{"line":273,"column":38}}},"21":{"name":"generateDals","line":285,"loc":{"start":{"line":285,"column":8},"end":{"line":285,"column":40}}},"22":{"name":"(anonymous_22)","line":293,"loc":{"start":{"line":293,"column":14},"end":{"line":293,"column":26}}},"23":{"name":"generateAcm","line":302,"loc":{"start":{"line":302,"column":12},"end":{"line":302,"column":37}}},"24":{"name":"generateRole","line":313,"loc":{"start":{"line":313,"column":12},"end":{"line":313,"column":38}}},"25":{"name":"generateService","line":323,"loc":{"start":{"line":323,"column":12},"end":{"line":323,"column":41}}},"26":{"name":"generateUser","line":334,"loc":{"start":{"line":334,"column":12},"end":{"line":334,"column":38}}},"27":{"name":"generateLibs","line":346,"loc":{"start":{"line":346,"column":8},"end":{"line":346,"column":40}}},"28":{"name":"(anonymous_28)","line":358,"loc":{"start":{"line":358,"column":14},"end":{"line":358,"column":26}}},"29":{"name":"generateConstants","line":367,"loc":{"start":{"line":367,"column":12},"end":{"line":367,"column":43}}},"30":{"name":"generateErrorCodes","line":377,"loc":{"start":{"line":377,"column":12},"end":{"line":377,"column":44}}},"31":{"name":"generateConstantIndex","line":387,"loc":{"start":{"line":387,"column":12},"end":{"line":387,"column":47}}},"32":{"name":"generateHelperIndex","line":397,"loc":{"start":{"line":397,"column":12},"end":{"line":397,"column":45}}},"33":{"name":"generateControllerHelper","line":407,"loc":{"start":{"line":407,"column":12},"end":{"line":407,"column":50}}},"34":{"name":"generateApiIndex","line":417,"loc":{"start":{"line":417,"column":12},"end":{"line":417,"column":42}}},"35":{"name":"generateLoggerHelper","line":427,"loc":{"start":{"line":427,"column":12},"end":{"line":427,"column":46}}},"36":{"name":"generateInitializer","line":437,"loc":{"start":{"line":437,"column":12},"end":{"line":437,"column":45}}},"37":{"name":"generateModels","line":448,"loc":{"start":{"line":448,"column":8},"end":{"line":448,"column":42}}},"38":{"name":"(anonymous_38)","line":456,"loc":{"start":{"line":456,"column":14},"end":{"line":456,"column":26}}},"39":{"name":"generateAcm","line":465,"loc":{"start":{"line":465,"column":12},"end":{"line":465,"column":37}}},"40":{"name":"generateRole","line":476,"loc":{"start":{"line":476,"column":12},"end":{"line":476,"column":38}}},"41":{"name":"generateService","line":486,"loc":{"start":{"line":486,"column":12},"end":{"line":486,"column":41}}},"42":{"name":"generateUser","line":497,"loc":{"start":{"line":497,"column":12},"end":{"line":497,"column":38}}},"43":{"name":"generateRoutes","line":503,"loc":{"start":{"line":503,"column":8},"end":{"line":503,"column":42}}},"44":{"name":"(anonymous_44)","line":513,"loc":{"start":{"line":513,"column":14},"end":{"line":513,"column":26}}},"45":{"name":"generateAcm","line":522,"loc":{"start":{"line":522,"column":12},"end":{"line":522,"column":37}}},"46":{"name":"generateIndex","line":533,"loc":{"start":{"line":533,"column":12},"end":{"line":533,"column":39}}},"47":{"name":"generateRole","line":544,"loc":{"start":{"line":544,"column":12},"end":{"line":544,"column":38}}},"48":{"name":"generateService","line":554,"loc":{"start":{"line":554,"column":12},"end":{"line":554,"column":41}}},"49":{"name":"generateToken","line":564,"loc":{"start":{"line":564,"column":12},"end":{"line":564,"column":39}}},"50":{"name":"generateUser","line":574,"loc":{"start":{"line":574,"column":12},"end":{"line":574,"column":38}}},"51":{"name":"generateTestFiles","line":585,"loc":{"start":{"line":585,"column":8},"end":{"line":585,"column":45}}},"52":{"name":"(anonymous_52)","line":594,"loc":{"start":{"line":594,"column":18},"end":{"line":594,"column":30}}},"53":{"name":"generateDummyData","line":604,"loc":{"start":{"line":604,"column":16},"end":{"line":604,"column":47}}},"54":{"name":"generateStressFile","line":614,"loc":{"start":{"line":614,"column":16},"end":{"line":614,"column":48}}},"55":{"name":"generateTestFile","line":624,"loc":{"start":{"line":624,"column":16},"end":{"line":624,"column":46}}},"56":{"name":"generateUrlGenerator","line":634,"loc":{"start":{"line":634,"column":16},"end":{"line":634,"column":50}}},"57":{"name":"generateJenkinsFile","line":650,"loc":{"start":{"line":650,"column":8},"end":{"line":650,"column":47}}},"58":{"name":"generateDockerFile","line":660,"loc":{"start":{"line":660,"column":8},"end":{"line":660,"column":46}}},"59":{"name":"(anonymous_59)","line":668,"loc":{"start":{"line":668,"column":18},"end":{"line":668,"column":30}}},"60":{"name":"generateDockerIgnore","line":677,"loc":{"start":{"line":677,"column":16},"end":{"line":677,"column":50}}},"61":{"name":"generateDockerCompose","line":687,"loc":{"start":{"line":687,"column":16},"end":{"line":687,"column":51}}},"62":{"name":"generateDocker","line":697,"loc":{"start":{"line":697,"column":16},"end":{"line":697,"column":44}}},"63":{"name":"generatePostManCollectionFile","line":713,"loc":{"start":{"line":713,"column":8},"end":{"line":713,"column":57}}},"64":{"name":"generateReadMeFile","line":729,"loc":{"start":{"line":729,"column":8},"end":{"line":729,"column":46}}},"65":{"name":"generateApiDocJSON","line":745,"loc":{"start":{"line":745,"column":8},"end":{"line":745,"column":46}}},"66":{"name":"installPackages","line":760,"loc":{"start":{"line":760,"column":8},"end":{"line":760,"column":59}}},"67":{"name":"generateTestReportAndCoverage","line":771,"loc":{"start":{"line":771,"column":8},"end":{"line":771,"column":59}}},"68":{"name":"generateDocumentation","line":785,"loc":{"start":{"line":785,"column":8},"end":{"line":785,"column":51}}},"69":{"name":"commitFiles","line":804,"loc":{"start":{"line":804,"column":8},"end":{"line":804,"column":59}}},"70":{"name":"runServer","line":822,"loc":{"start":{"line":822,"column":8},"end":{"line":822,"column":59}}},"71":{"name":"(anonymous_71)","line":839,"loc":{"start":{"line":839,"column":30},"end":{"line":839,"column":42}}},"72":{"name":"(anonymous_72)","line":841,"loc":{"start":{"line":841,"column":201},"end":{"line":841,"column":213}}},"73":{"name":"(anonymous_73)","line":851,"loc":{"start":{"line":851,"column":30},"end":{"line":851,"column":49}}},"74":{"name":"(anonymous_74)","line":857,"loc":{"start":{"line":857,"column":10},"end":{"line":857,"column":22}}},"75":{"name":"createEnvironmentObject","line":865,"loc":{"start":{"line":865,"column":8},"end":{"line":865,"column":51}}},"76":{"name":"removeEnvironmentObjectFromAnswers","line":887,"loc":{"start":{"line":887,"column":8},"end":{"line":887,"column":75}}},"77":{"name":"mergeDefaultConfigAndAnswer","line":907,"loc":{"start":{"line":907,"column":8},"end":{"line":907,"column":55}}},"78":{"name":"generateConfigurationFile","line":916,"loc":{"start":{"line":916,"column":8},"end":{"line":916,"column":53}}},"79":{"name":"mergeConfigFiles","line":932,"loc":{"start":{"line":932,"column":0},"end":{"line":932,"column":54}}}},"statementMap":{"1":{"start":{"line":10,"column":0},"end":{"line":24,"column":39}},"2":{"start":{"line":26,"column":0},"end":{"line":28,"column":18}},"3":{"start":{"line":34,"column":0},"end":{"line":922,"column":2}},"4":{"start":{"line":44,"column":8},"end":{"line":83,"column":11}},"5":{"start":{"line":72,"column":12},"end":{"line":72,"column":62}},"6":{"start":{"line":73,"column":12},"end":{"line":81,"column":14}},"7":{"start":{"line":82,"column":12},"end":{"line":82,"column":27}},"8":{"start":{"line":90,"column":8},"end":{"line":96,"column":9}},"9":{"start":{"line":91,"column":12},"end":{"line":91,"column":62}},"10":{"start":{"line":92,"column":12},"end":{"line":92,"column":63}},"11":{"start":{"line":93,"column":12},"end":{"line":93,"column":66}},"12":{"start":{"line":94,"column":12},"end":{"line":94,"column":50}},"13":{"start":{"line":95,"column":12},"end":{"line":95,"column":27}},"14":{"start":{"line":103,"column":8},"end":{"line":108,"column":9}},"15":{"start":{"line":104,"column":12},"end":{"line":104,"column":61}},"16":{"start":{"line":105,"column":12},"end":{"line":105,"column":54}},"17":{"start":{"line":115,"column":8},"end":{"line":123,"column":9}},"18":{"start":{"line":116,"column":12},"end":{"line":116,"column":61}},"19":{"start":{"line":118,"column":12},"end":{"line":122,"column":13}},"20":{"start":{"line":119,"column":16},"end":{"line":119,"column":95}},"21":{"start":{"line":121,"column":16},"end":{"line":121,"column":31}},"22":{"start":{"line":130,"column":8},"end":{"line":137,"column":9}},"23":{"start":{"line":131,"column":12},"end":{"line":131,"column":64}},"24":{"start":{"line":133,"column":12},"end":{"line":135,"column":13}},"25":{"start":{"line":134,"column":16},"end":{"line":134,"column":72}},"26":{"start":{"line":136,"column":12},"end":{"line":136,"column":27}},"27":{"start":{"line":146,"column":8},"end":{"line":153,"column":9}},"28":{"start":{"line":147,"column":12},"end":{"line":147,"column":64}},"29":{"start":{"line":149,"column":12},"end":{"line":149,"column":79}},"30":{"start":{"line":150,"column":12},"end":{"line":150,"column":76}},"31":{"start":{"line":151,"column":12},"end":{"line":151,"column":37}},"32":{"start":{"line":152,"column":12},"end":{"line":152,"column":27}},"33":{"start":{"line":160,"column":8},"end":{"line":163,"column":9}},"34":{"start":{"line":161,"column":12},"end":{"line":161,"column":65}},"35":{"start":{"line":162,"column":12},"end":{"line":162,"column":162}},"36":{"start":{"line":170,"column":8},"end":{"line":176,"column":9}},"37":{"start":{"line":171,"column":12},"end":{"line":171,"column":56}},"38":{"start":{"line":172,"column":12},"end":{"line":172,"column":37}},"39":{"start":{"line":173,"column":12},"end":{"line":175,"column":20}},"40":{"start":{"line":174,"column":16},"end":{"line":174,"column":148}},"41":{"start":{"line":183,"column":8},"end":{"line":186,"column":9}},"42":{"start":{"line":184,"column":12},"end":{"line":184,"column":65}},"43":{"start":{"line":185,"column":12},"end":{"line":185,"column":133}},"44":{"start":{"line":193,"column":8},"end":{"line":197,"column":9}},"45":{"start":{"line":194,"column":12},"end":{"line":194,"column":57}},"46":{"start":{"line":195,"column":12},"end":{"line":195,"column":142}},"47":{"start":{"line":204,"column":8},"end":{"line":207,"column":9}},"48":{"start":{"line":205,"column":12},"end":{"line":205,"column":60}},"49":{"start":{"line":206,"column":12},"end":{"line":206,"column":156}},"50":{"start":{"line":214,"column":8},"end":{"line":277,"column":9}},"51":{"start":{"line":215,"column":12},"end":{"line":215,"column":65}},"52":{"start":{"line":217,"column":12},"end":{"line":225,"column":15}},"53":{"start":{"line":224,"column":16},"end":{"line":224,"column":31}},"54":{"start":{"line":232,"column":12},"end":{"line":236,"column":13}},"55":{"start":{"line":233,"column":16},"end":{"line":233,"column":52}},"56":{"start":{"line":234,"column":16},"end":{"line":234,"column":158}},"57":{"start":{"line":243,"column":12},"end":{"line":246,"column":13}},"58":{"start":{"line":244,"column":16},"end":{"line":244,"column":53}},"59":{"start":{"line":245,"column":16},"end":{"line":245,"column":160}},"60":{"start":{"line":253,"column":12},"end":{"line":256,"column":13}},"61":{"start":{"line":254,"column":16},"end":{"line":254,"column":55}},"62":{"start":{"line":255,"column":16},"end":{"line":255,"column":166}},"63":{"start":{"line":263,"column":12},"end":{"line":266,"column":13}},"64":{"start":{"line":264,"column":16},"end":{"line":264,"column":53}},"65":{"start":{"line":265,"column":16},"end":{"line":265,"column":162}},"66":{"start":{"line":273,"column":12},"end":{"line":276,"column":13}},"67":{"start":{"line":274,"column":16},"end":{"line":274,"column":52}},"68":{"start":{"line":275,"column":16},"end":{"line":275,"column":160}},"69":{"start":{"line":285,"column":8},"end":{"line":339,"column":9}},"70":{"start":{"line":286,"column":12},"end":{"line":286,"column":58}},"71":{"start":{"line":288,"column":12},"end":{"line":295,"column":15}},"72":{"start":{"line":294,"column":16},"end":{"line":294,"column":31}},"73":{"start":{"line":302,"column":12},"end":{"line":306,"column":13}},"74":{"start":{"line":303,"column":16},"end":{"line":303,"column":52}},"75":{"start":{"line":304,"column":16},"end":{"line":304,"column":144}},"76":{"start":{"line":313,"column":12},"end":{"line":316,"column":13}},"77":{"start":{"line":314,"column":16},"end":{"line":314,"column":53}},"78":{"start":{"line":315,"column":16},"end":{"line":315,"column":146}},"79":{"start":{"line":323,"column":12},"end":{"line":326,"column":13}},"80":{"start":{"line":324,"column":16},"end":{"line":324,"column":55}},"81":{"start":{"line":325,"column":16},"end":{"line":325,"column":152}},"82":{"start":{"line":334,"column":12},"end":{"line":337,"column":13}},"83":{"start":{"line":335,"column":16},"end":{"line":335,"column":52}},"84":{"start":{"line":336,"column":16},"end":{"line":336,"column":146}},"85":{"start":{"line":346,"column":8},"end":{"line":441,"column":9}},"86":{"start":{"line":347,"column":12},"end":{"line":347,"column":62}},"87":{"start":{"line":349,"column":12},"end":{"line":360,"column":15}},"88":{"start":{"line":359,"column":16},"end":{"line":359,"column":31}},"89":{"start":{"line":367,"column":12},"end":{"line":370,"column":13}},"90":{"start":{"line":368,"column":16},"end":{"line":368,"column":61}},"91":{"start":{"line":369,"column":16},"end":{"line":369,"column":172}},"92":{"start":{"line":377,"column":12},"end":{"line":380,"column":13}},"93":{"start":{"line":378,"column":16},"end":{"line":378,"column":63}},"94":{"start":{"line":379,"column":16},"end":{"line":379,"column":176}},"95":{"start":{"line":387,"column":12},"end":{"line":390,"column":13}},"96":{"start":{"line":388,"column":16},"end":{"line":388,"column":66}},"97":{"start":{"line":389,"column":16},"end":{"line":389,"column":166}},"98":{"start":{"line":397,"column":12},"end":{"line":400,"column":13}},"99":{"start":{"line":398,"column":16},"end":{"line":398,"column":64}},"100":{"start":{"line":399,"column":16},"end":{"line":399,"column":162}},"101":{"start":{"line":407,"column":12},"end":{"line":410,"column":13}},"102":{"start":{"line":408,"column":16},"end":{"line":408,"column":69}},"103":{"start":{"line":409,"column":16},"end":{"line":409,"column":198}},"104":{"start":{"line":417,"column":12},"end":{"line":420,"column":13}},"105":{"start":{"line":418,"column":16},"end":{"line":418,"column":69}},"106":{"start":{"line":419,"column":16},"end":{"line":419,"column":170}},"107":{"start":{"line":427,"column":12},"end":{"line":430,"column":13}},"108":{"start":{"line":428,"column":16},"end":{"line":428,"column":65}},"109":{"start":{"line":429,"column":16},"end":{"line":429,"column":178}},"110":{"start":{"line":437,"column":12},"end":{"line":440,"column":13}},"111":{"start":{"line":438,"column":16},"end":{"line":438,"column":63}},"112":{"start":{"line":439,"column":16},"end":{"line":439,"column":188}},"113":{"start":{"line":448,"column":8},"end":{"line":501,"column":9}},"114":{"start":{"line":449,"column":12},"end":{"line":449,"column":60}},"115":{"start":{"line":451,"column":12},"end":{"line":458,"column":15}},"116":{"start":{"line":457,"column":16},"end":{"line":457,"column":31}},"117":{"start":{"line":465,"column":12},"end":{"line":469,"column":13}},"118":{"start":{"line":466,"column":16},"end":{"line":466,"column":52}},"119":{"start":{"line":467,"column":16},"end":{"line":467,"column":148}},"120":{"start":{"line":476,"column":12},"end":{"line":479,"column":13}},"121":{"start":{"line":477,"column":16},"end":{"line":477,"column":53}},"122":{"start":{"line":478,"column":16},"end":{"line":478,"column":150}},"123":{"start":{"line":486,"column":12},"end":{"line":489,"column":13}},"124":{"start":{"line":487,"column":16},"end":{"line":487,"column":55}},"125":{"start":{"line":488,"column":16},"end":{"line":488,"column":156}},"126":{"start":{"line":497,"column":12},"end":{"line":500,"column":13}},"127":{"start":{"line":498,"column":16},"end":{"line":498,"column":52}},"128":{"start":{"line":499,"column":16},"end":{"line":499,"column":150}},"129":{"start":{"line":503,"column":8},"end":{"line":578,"column":9}},"130":{"start":{"line":504,"column":12},"end":{"line":504,"column":55}},"131":{"start":{"line":506,"column":12},"end":{"line":515,"column":15}},"132":{"start":{"line":514,"column":16},"end":{"line":514,"column":31}},"133":{"start":{"line":522,"column":12},"end":{"line":526,"column":13}},"134":{"start":{"line":523,"column":16},"end":{"line":523,"column":52}},"135":{"start":{"line":524,"column":16},"end":{"line":524,"column":148}},"136":{"start":{"line":533,"column":12},"end":{"line":537,"column":13}},"137":{"start":{"line":534,"column":16},"end":{"line":534,"column":54}},"138":{"start":{"line":535,"column":16},"end":{"line":535,"column":152}},"139":{"start":{"line":544,"column":12},"end":{"line":547,"column":13}},"140":{"start":{"line":545,"column":16},"end":{"line":545,"column":53}},"141":{"start":{"line":546,"column":16},"end":{"line":546,"column":150}},"142":{"start":{"line":554,"column":12},"end":{"line":557,"column":13}},"143":{"start":{"line":555,"column":16},"end":{"line":555,"column":55}},"144":{"start":{"line":556,"column":16},"end":{"line":556,"column":156}},"145":{"start":{"line":564,"column":12},"end":{"line":567,"column":13}},"146":{"start":{"line":565,"column":16},"end":{"line":565,"column":55}},"147":{"start":{"line":566,"column":16},"end":{"line":566,"column":152}},"148":{"start":{"line":574,"column":12},"end":{"line":577,"column":13}},"149":{"start":{"line":575,"column":16},"end":{"line":575,"column":52}},"150":{"start":{"line":576,"column":16},"end":{"line":576,"column":150}},"151":{"start":{"line":585,"column":8},"end":{"line":643,"column":9}},"152":{"start":{"line":586,"column":12},"end":{"line":586,"column":58}},"153":{"start":{"line":588,"column":12},"end":{"line":641,"column":13}},"154":{"start":{"line":589,"column":16},"end":{"line":597,"column":19}},"155":{"start":{"line":595,"column":20},"end":{"line":595,"column":73}},"156":{"start":{"line":596,"column":20},"end":{"line":596,"column":35}},"157":{"start":{"line":604,"column":16},"end":{"line":607,"column":17}},"158":{"start":{"line":605,"column":20},"end":{"line":605,"column":64}},"159":{"start":{"line":606,"column":20},"end":{"line":606,"column":164}},"160":{"start":{"line":614,"column":16},"end":{"line":617,"column":17}},"161":{"start":{"line":615,"column":20},"end":{"line":615,"column":65}},"162":{"start":{"line":616,"column":20},"end":{"line":616,"column":158}},"163":{"start":{"line":624,"column":16},"end":{"line":627,"column":17}},"164":{"start":{"line":625,"column":20},"end":{"line":625,"column":63}},"165":{"start":{"line":626,"column":20},"end":{"line":626,"column":152}},"166":{"start":{"line":634,"column":16},"end":{"line":637,"column":17}},"167":{"start":{"line":635,"column":20},"end":{"line":635,"column":67}},"168":{"start":{"line":636,"column":20},"end":{"line":636,"column":170}},"169":{"start":{"line":640,"column":16},"end":{"line":640,"column":67}},"170":{"start":{"line":650,"column":8},"end":{"line":653,"column":9}},"171":{"start":{"line":651,"column":12},"end":{"line":651,"column":61}},"172":{"start":{"line":652,"column":12},"end":{"line":652,"column":151}},"173":{"start":{"line":660,"column":8},"end":{"line":706,"column":9}},"174":{"start":{"line":661,"column":12},"end":{"line":661,"column":60}},"175":{"start":{"line":663,"column":12},"end":{"line":704,"column":13}},"176":{"start":{"line":664,"column":16},"end":{"line":670,"column":19}},"177":{"start":{"line":669,"column":20},"end":{"line":669,"column":35}},"178":{"start":{"line":677,"column":16},"end":{"line":680,"column":17}},"179":{"start":{"line":678,"column":20},"end":{"line":678,"column":69}},"180":{"start":{"line":679,"column":20},"end":{"line":679,"column":156}},"181":{"start":{"line":687,"column":16},"end":{"line":690,"column":17}},"182":{"start":{"line":688,"column":20},"end":{"line":688,"column":70}},"183":{"start":{"line":689,"column":20},"end":{"line":689,"column":170}},"184":{"start":{"line":697,"column":16},"end":{"line":700,"column":17}},"185":{"start":{"line":698,"column":20},"end":{"line":698,"column":67}},"186":{"start":{"line":699,"column":20},"end":{"line":699,"column":150}},"187":{"start":{"line":702,"column":16},"end":{"line":702,"column":67}},"188":{"start":{"line":703,"column":16},"end":{"line":703,"column":31}},"189":{"start":{"line":713,"column":8},"end":{"line":722,"column":9}},"190":{"start":{"line":714,"column":12},"end":{"line":714,"column":72}},"191":{"start":{"line":716,"column":12},"end":{"line":721,"column":13}},"192":{"start":{"line":717,"column":16},"end":{"line":717,"column":242}},"193":{"start":{"line":719,"column":16},"end":{"line":719,"column":69}},"194":{"start":{"line":720,"column":16},"end":{"line":720,"column":31}},"195":{"start":{"line":729,"column":8},"end":{"line":738,"column":9}},"196":{"start":{"line":730,"column":12},"end":{"line":730,"column":60}},"197":{"start":{"line":732,"column":12},"end":{"line":737,"column":13}},"198":{"start":{"line":733,"column":16},"end":{"line":733,"column":157}},"199":{"start":{"line":735,"column":16},"end":{"line":735,"column":68}},"200":{"start":{"line":736,"column":16},"end":{"line":736,"column":31}},"201":{"start":{"line":745,"column":8},"end":{"line":752,"column":9}},"202":{"start":{"line":746,"column":12},"end":{"line":746,"column":59}},"203":{"start":{"line":747,"column":12},"end":{"line":751,"column":13}},"204":{"start":{"line":748,"column":16},"end":{"line":748,"column":161}},"205":{"start":{"line":750,"column":16},"end":{"line":750,"column":67}},"206":{"start":{"line":760,"column":8},"end":{"line":764,"column":9}},"207":{"start":{"line":761,"column":12},"end":{"line":761,"column":61}},"208":{"start":{"line":762,"column":12},"end":{"line":762,"column":40}},"209":{"start":{"line":763,"column":12},"end":{"line":763,"column":27}},"210":{"start":{"line":771,"column":8},"end":{"line":778,"column":9}},"211":{"start":{"line":772,"column":12},"end":{"line":772,"column":78}},"212":{"start":{"line":774,"column":12},"end":{"line":777,"column":34}},"213":{"start":{"line":775,"column":16},"end":{"line":775,"column":45}},"214":{"start":{"line":776,"column":16},"end":{"line":776,"column":31}},"215":{"start":{"line":777,"column":18},"end":{"line":777,"column":33}},"216":{"start":{"line":785,"column":8},"end":{"line":795,"column":9}},"217":{"start":{"line":786,"column":12},"end":{"line":786,"column":62}},"218":{"start":{"line":788,"column":12},"end":{"line":794,"column":13}},"219":{"start":{"line":789,"column":16},"end":{"line":789,"column":47}},"220":{"start":{"line":790,"column":16},"end":{"line":790,"column":31}},"221":{"start":{"line":792,"column":16},"end":{"line":792,"column":65}},"222":{"start":{"line":793,"column":16},"end":{"line":793,"column":31}},"223":{"start":{"line":804,"column":8},"end":{"line":815,"column":9}},"224":{"start":{"line":805,"column":12},"end":{"line":805,"column":60}},"225":{"start":{"line":807,"column":12},"end":{"line":814,"column":13}},"226":{"start":{"line":808,"column":16},"end":{"line":808,"column":42}},"227":{"start":{"line":809,"column":16},"end":{"line":809,"column":83}},"228":{"start":{"line":810,"column":16},"end":{"line":810,"column":31}},"229":{"start":{"line":812,"column":16},"end":{"line":812,"column":43}},"230":{"start":{"line":813,"column":16},"end":{"line":813,"column":31}},"231":{"start":{"line":822,"column":8},"end":{"line":831,"column":9}},"232":{"start":{"line":823,"column":12},"end":{"line":823,"column":59}},"233":{"start":{"line":825,"column":12},"end":{"line":829,"column":13}},"234":{"start":{"line":826,"column":16},"end":{"line":826,"column":46}},"235":{"start":{"line":828,"column":16},"end":{"line":828,"column":43}},"236":{"start":{"line":830,"column":12},"end":{"line":830,"column":27}},"237":{"start":{"line":840,"column":8},"end":{"line":840,"column":104}},"238":{"start":{"line":841,"column":8},"end":{"line":843,"column":11}},"239":{"start":{"line":842,"column":12},"end":{"line":842,"column":109}},"240":{"start":{"line":852,"column":8},"end":{"line":858,"column":11}},"241":{"start":{"line":865,"column":8},"end":{"line":879,"column":9}},"242":{"start":{"line":866,"column":12},"end":{"line":876,"column":15}},"243":{"start":{"line":878,"column":12},"end":{"line":878,"column":40}},"244":{"start":{"line":887,"column":8},"end":{"line":900,"column":9}},"245":{"start":{"line":888,"column":12},"end":{"line":888,"column":33}},"246":{"start":{"line":889,"column":12},"end":{"line":889,"column":32}},"247":{"start":{"line":890,"column":12},"end":{"line":890,"column":38}},"248":{"start":{"line":891,"column":12},"end":{"line":891,"column":40}},"249":{"start":{"line":892,"column":12},"end":{"line":892,"column":48}},"250":{"start":{"line":893,"column":12},"end":{"line":893,"column":44}},"251":{"start":{"line":894,"column":12},"end":{"line":894,"column":47}},"252":{"start":{"line":895,"column":12},"end":{"line":895,"column":40}},"253":{"start":{"line":896,"column":12},"end":{"line":896,"column":34}},"254":{"start":{"line":898,"column":12},"end":{"line":898,"column":46}},"255":{"start":{"line":899,"column":12},"end":{"line":899,"column":27}},"256":{"start":{"line":907,"column":8},"end":{"line":909,"column":9}},"257":{"start":{"line":908,"column":12},"end":{"line":908,"column":48}},"258":{"start":{"line":916,"column":8},"end":{"line":918,"column":9}},"259":{"start":{"line":917,"column":12},"end":{"line":917,"column":256}},"260":{"start":{"line":932,"column":0},"end":{"line":938,"column":1}},"261":{"start":{"line":933,"column":4},"end":{"line":933,"column":62}},"262":{"start":{"line":934,"column":4},"end":{"line":934,"column":36}},"263":{"start":{"line":935,"column":4},"end":{"line":935,"column":94}},"264":{"start":{"line":936,"column":4},"end":{"line":936,"column":47}},"265":{"start":{"line":937,"column":4},"end":{"line":937,"column":19}}},"branchMap":{"1":{"line":118,"type":"if","locations":[{"start":{"line":118,"column":12},"end":{"line":118,"column":12}},{"start":{"line":118,"column":12},"end":{"line":118,"column":12}}]},"2":{"line":133,"type":"if","locations":[{"start":{"line":133,"column":12},"end":{"line":133,"column":12}},{"start":{"line":133,"column":12},"end":{"line":133,"column":12}}]},"3":{"line":588,"type":"if","locations":[{"start":{"line":588,"column":12},"end":{"line":588,"column":12}},{"start":{"line":588,"column":12},"end":{"line":588,"column":12}}]},"4":{"line":663,"type":"if","locations":[{"start":{"line":663,"column":12},"end":{"line":663,"column":12}},{"start":{"line":663,"column":12},"end":{"line":663,"column":12}}]},"5":{"line":716,"type":"if","locations":[{"start":{"line":716,"column":12},"end":{"line":716,"column":12}},{"start":{"line":716,"column":12},"end":{"line":716,"column":12}}]},"6":{"line":732,"type":"if","locations":[{"start":{"line":732,"column":12},"end":{"line":732,"column":12}},{"start":{"line":732,"column":12},"end":{"line":732,"column":12}}]},"7":{"line":747,"type":"if","locations":[{"start":{"line":747,"column":12},"end":{"line":747,"column":12}},{"start":{"line":747,"column":12},"end":{"line":747,"column":12}}]},"8":{"line":774,"type":"if","locations":[{"start":{"line":774,"column":12},"end":{"line":774,"column":12}},{"start":{"line":774,"column":12},"end":{"line":774,"column":12}}]},"9":{"line":788,"type":"if","locations":[{"start":{"line":788,"column":12},"end":{"line":788,"column":12}},{"start":{"line":788,"column":12},"end":{"line":788,"column":12}}]},"10":{"line":807,"type":"if","locations":[{"start":{"line":807,"column":12},"end":{"line":807,"column":12}},{"start":{"line":807,"column":12},"end":{"line":807,"column":12}}]},"11":{"line":825,"type":"if","locations":[{"start":{"line":825,"column":12},"end":{"line":825,"column":12}},{"start":{"line":825,"column":12},"end":{"line":825,"column":12}}]}}},"/home/nathan/Documents/workspace/lib/os/gennode_authorization/src/lib/index.js":{"path":"/home/nathan/Documents/workspace/lib/os/gennode_authorization/src/lib/index.js","s":{"1":1,"2":1,"3":43,"4":43,"5":1,"6":43,"7":43,"8":1,"9":43,"10":43,"11":43,"12":1,"13":43,"14":43,"15":43,"16":43,"17":0},"b":{"1":[43,0]},"f":{"1":43,"2":43,"3":43,"4":43,"5":43,"6":43},"fnMap":{"1":{"name":"replacer","line":26,"loc":{"start":{"line":26,"column":23},"end":{"line":26,"column":96}}},"2":{"name":"(anonymous_2)","line":32,"loc":{"start":{"line":32,"column":6},"end":{"line":32,"column":18}}},"3":{"name":"copyFile","line":41,"loc":{"start":{"line":41,"column":4},"end":{"line":41,"column":26}}},"4":{"name":"renameFile","line":52,"loc":{"start":{"line":52,"column":4},"end":{"line":52,"column":28}}},"5":{"name":"(anonymous_5)","line":55,"loc":{"start":{"line":55,"column":74},"end":{"line":55,"column":86}}},"6":{"name":"replacePlaceHolders","line":66,"loc":{"start":{"line":66,"column":4},"end":{"line":66,"column":56}}}},"statementMap":{"1":{"start":{"line":10,"column":0},"end":{"line":15,"column":36}},"2":{"start":{"line":26,"column":0},"end":{"line":80,"column":2}},"3":{"start":{"line":28,"column":4},"end":{"line":34,"column":7}},"4":{"start":{"line":33,"column":8},"end":{"line":33,"column":23}},"5":{"start":{"line":41,"column":4},"end":{"line":45,"column":5}},"6":{"start":{"line":43,"column":8},"end":{"line":43,"column":45}},"7":{"start":{"line":44,"column":8},"end":{"line":44,"column":17}},"8":{"start":{"line":52,"column":4},"end":{"line":58,"column":5}},"9":{"start":{"line":54,"column":8},"end":{"line":54,"column":54}},"10":{"start":{"line":55,"column":8},"end":{"line":57,"column":11}},"11":{"start":{"line":56,"column":12},"end":{"line":56,"column":36}},"12":{"start":{"line":66,"column":4},"end":{"line":78,"column":5}},"13":{"start":{"line":68,"column":8},"end":{"line":76,"column":9}},"14":{"start":{"line":69,"column":12},"end":{"line":69,"column":52}},"15":{"start":{"line":70,"column":12},"end":{"line":73,"column":19}},"16":{"start":{"line":72,"column":20},"end":{"line":72,"column":29}},"17":{"start":{"line":75,"column":12},"end":{"line":75,"column":21}}},"branchMap":{"1":{"line":68,"type":"if","locations":[{"start":{"line":68,"column":8},"end":{"line":68,"column":8}},{"start":{"line":68,"column":8},"end":{"line":68,"column":8}}]}}},"/home/nathan/Documents/workspace/lib/os/gennode_authorization/src/config/index.js":{"path":"/home/nathan/Documents/workspace/lib/os/gennode_authorization/src/config/index.js","s":{"1":1},"b":{},"f":{},"fnMap":{},"statementMap":{"1":{"start":{"line":10,"column":0},"end":{"line":42,"column":2}}},"branchMap":{}},"/home/nathan/Documents/workspace/lib/os/gennode_authorization/src/mergedConfig.js":{"path":"/home/nathan/Documents/workspace/lib/os/gennode_authorization/src/mergedConfig.js","s":{"1":1},"b":{},"f":{},"fnMap":{},"statementMap":{"1":{"start":{"line":10,"column":0},"end":{"line":12,"column":2}}},"branchMap":{}},"/home/nathan/Documents/workspace/lib/os/gennode_authorization/src/config/constants.js":{"path":"/home/nathan/Documents/workspace/lib/os/gennode_authorization/src/config/constants.js","s":{"1":1},"b":{},"f":{},"fnMap":{},"statementMap":{"1":{"start":{"line":10,"column":0},"end":{"line":29,"column":2}}},"branchMap":{}},"/home/nathan/Documents/workspace/lib/os/gennode_authorization/src/generators/replacers.js":{"path":"/home/nathan/Documents/workspace/lib/os/gennode_authorization/src/generators/replacers.js","s":{"1":1,"2":1,"3":43,"4":1,"5":0},"b":{"1":[2,41]},"f":{"1":43,"2":0},"fnMap":{"1":{"name":"packageJSON","line":21,"loc":{"start":{"line":21,"column":24},"end":{"line":21,"column":53}}},"2":{"name":"(anonymous_2)","line":73,"loc":{"start":{"line":73,"column":31},"end":{"line":73,"column":76}}}},"statementMap":{"1":{"start":{"line":10,"column":0},"end":{"line":12,"column":40}},"2":{"start":{"line":21,"column":0},"end":{"line":65,"column":2}},"3":{"start":{"line":23,"column":4},"end":{"line":64,"column":6}},"4":{"start":{"line":73,"column":0},"end":{"line":86,"column":2}},"5":{"start":{"line":74,"column":4},"end":{"line":85,"column":6}}},"branchMap":{"1":{"line":45,"type":"cond-expr","locations":[{"start":{"line":45,"column":22},"end":{"line":45,"column":60}},{"start":{"line":45,"column":63},"end":{"line":45,"column":90}}]}}}}