TN:
SF:/home/nathan/Documents/workspace/lib/os/gennode_authorization/main.js
FN:42,(anonymous_1)
FN:71,(anonymous_2)
FN:90,locateConfigFile
FN:103,mergeConfigFile
FN:115,validateConfigFile
FN:130,refactorConfigFile
FN:146,generateDirectories
FN:160,generatePackageJSON
FN:170,generateGit
FN:173,(anonymous_10)
FN:183,generateEnvironmentFile
FN:193,generateApp
FN:204,generateConfig
FN:214,generateControllers
FN:223,(anonymous_15)
FN:232,generateAcm
FN:243,generateRole
FN:253,generateService
FN:263,generateToken
FN:273,generateUser
FN:285,generateDals
FN:293,(anonymous_22)
FN:302,generateAcm
FN:313,generateRole
FN:323,generateService
FN:334,generateUser
FN:346,generateLibs
FN:358,(anonymous_28)
FN:367,generateConstants
FN:377,generateErrorCodes
FN:387,generateConstantIndex
FN:397,generateHelperIndex
FN:407,generateControllerHelper
FN:417,generateApiIndex
FN:427,generateLoggerHelper
FN:437,generateInitializer
FN:448,generateModels
FN:456,(anonymous_38)
FN:465,generateAcm
FN:476,generateRole
FN:486,generateService
FN:497,generateUser
FN:503,generateRoutes
FN:513,(anonymous_44)
FN:522,generateAcm
FN:533,generateIndex
FN:544,generateRole
FN:554,generateService
FN:564,generateToken
FN:574,generateUser
FN:585,generateTestFiles
FN:594,(anonymous_52)
FN:604,generateDummyData
FN:614,generateStressFile
FN:624,generateTestFile
FN:634,generateUrlGenerator
FN:650,generateJenkinsFile
FN:660,generateDockerFile
FN:668,(anonymous_59)
FN:677,generateDockerIgnore
FN:687,generateDockerCompose
FN:697,generateDocker
FN:713,generatePostManCollectionFile
FN:729,generateReadMeFile
FN:745,generateApiDocJSON
FN:760,installPackages
FN:771,generateTestReportAndCoverage
FN:785,generateDocumentation
FN:804,commitFiles
FN:822,runServer
FN:839,(anonymous_71)
FN:841,(anonymous_72)
FN:851,(anonymous_73)
FN:857,(anonymous_74)
FN:865,createEnvironmentObject
FN:887,removeEnvironmentObjectFromAnswers
FN:907,mergeDefaultConfigAndAnswer
FN:916,generateConfigurationFile
FN:932,mergeConfigFiles
FNF:79
FNH:71
FNDA:1,(anonymous_1)
FNDA:1,(anonymous_2)
FNDA:1,locateConfigFile
FNDA:1,mergeConfigFile
FNDA:1,validateConfigFile
FNDA:1,refactorConfigFile
FNDA:1,generateDirectories
FNDA:1,generatePackageJSON
FNDA:1,generateGit
FNDA:1,(anonymous_10)
FNDA:1,generateEnvironmentFile
FNDA:1,generateApp
FNDA:1,generateConfig
FNDA:1,generateControllers
FNDA:1,(anonymous_15)
FNDA:1,generateAcm
FNDA:1,generateRole
FNDA:1,generateService
FNDA:1,generateToken
FNDA:1,generateUser
FNDA:1,generateDals
FNDA:1,(anonymous_22)
FNDA:1,generateAcm
FNDA:1,generateRole
FNDA:1,generateService
FNDA:1,generateUser
FNDA:1,generateLibs
FNDA:1,(anonymous_28)
FNDA:1,generateConstants
FNDA:1,generateErrorCodes
FNDA:1,generateConstantIndex
FNDA:1,generateHelperIndex
FNDA:1,generateControllerHelper
FNDA:1,generateApiIndex
FNDA:1,generateLoggerHelper
FNDA:1,generateInitializer
FNDA:1,generateModels
FNDA:1,(anonymous_38)
FNDA:1,generateAcm
FNDA:1,generateRole
FNDA:1,generateService
FNDA:1,generateUser
FNDA:1,generateRoutes
FNDA:1,(anonymous_44)
FNDA:1,generateAcm
FNDA:1,generateIndex
FNDA:1,generateRole
FNDA:1,generateService
FNDA:1,generateToken
FNDA:1,generateUser
FNDA:1,generateTestFiles
FNDA:1,(anonymous_52)
FNDA:1,generateDummyData
FNDA:1,generateStressFile
FNDA:1,generateTestFile
FNDA:1,generateUrlGenerator
FNDA:1,generateJenkinsFile
FNDA:1,generateDockerFile
FNDA:1,(anonymous_59)
FNDA:1,generateDockerIgnore
FNDA:1,generateDockerCompose
FNDA:1,generateDocker
FNDA:1,generatePostManCollectionFile
FNDA:1,generateReadMeFile
FNDA:1,generateApiDocJSON
FNDA:1,installPackages
FNDA:1,generateTestReportAndCoverage
FNDA:1,generateDocumentation
FNDA:1,commitFiles
FNDA:1,runServer
FNDA:0,(anonymous_71)
FNDA:0,(anonymous_72)
FNDA:0,(anonymous_73)
FNDA:0,(anonymous_74)
FNDA:0,createEnvironmentObject
FNDA:0,removeEnvironmentObjectFromAnswers
FNDA:0,mergeDefaultConfigAndAnswer
FNDA:0,generateConfigurationFile
FNDA:1,mergeConfigFiles
DA:10,1
DA:26,1
DA:34,1
DA:44,1
DA:72,1
DA:73,1
DA:82,1
DA:90,1
DA:91,1
DA:92,1
DA:93,1
DA:94,1
DA:95,1
DA:103,1
DA:104,1
DA:105,1
DA:115,1
DA:116,1
DA:118,1
DA:119,0
DA:121,1
DA:130,1
DA:131,1
DA:133,1
DA:134,0
DA:136,1
DA:146,1
DA:147,1
DA:149,1
DA:150,1
DA:151,1
DA:152,1
DA:160,1
DA:161,1
DA:162,1
DA:170,1
DA:171,1
DA:172,1
DA:173,1
DA:174,1
DA:183,1
DA:184,1
DA:185,1
DA:193,1
DA:194,1
DA:195,1
DA:204,1
DA:205,1
DA:206,1
DA:214,1
DA:215,1
DA:217,1
DA:224,1
DA:232,1
DA:233,1
DA:234,1
DA:243,1
DA:244,1
DA:245,1
DA:253,1
DA:254,1
DA:255,1
DA:263,1
DA:264,1
DA:265,1
DA:273,1
DA:274,1
DA:275,1
DA:285,1
DA:286,1
DA:288,1
DA:294,1
DA:302,1
DA:303,1
DA:304,1
DA:313,1
DA:314,1
DA:315,1
DA:323,1
DA:324,1
DA:325,1
DA:334,1
DA:335,1
DA:336,1
DA:346,1
DA:347,1
DA:349,1
DA:359,1
DA:367,1
DA:368,1
DA:369,1
DA:377,1
DA:378,1
DA:379,1
DA:387,1
DA:388,1
DA:389,1
DA:397,1
DA:398,1
DA:399,1
DA:407,1
DA:408,1
DA:409,1
DA:417,1
DA:418,1
DA:419,1
DA:427,1
DA:428,1
DA:429,1
DA:437,1
DA:438,1
DA:439,1
DA:448,1
DA:449,1
DA:451,1
DA:457,1
DA:465,1
DA:466,1
DA:467,1
DA:476,1
DA:477,1
DA:478,1
DA:486,1
DA:487,1
DA:488,1
DA:497,1
DA:498,1
DA:499,1
DA:503,1
DA:504,1
DA:506,1
DA:514,1
DA:522,1
DA:523,1
DA:524,1
DA:533,1
DA:534,1
DA:535,1
DA:544,1
DA:545,1
DA:546,1
DA:554,1
DA:555,1
DA:556,1
DA:564,1
DA:565,1
DA:566,1
DA:574,1
DA:575,1
DA:576,1
DA:585,1
DA:586,1
DA:588,1
DA:589,1
DA:595,1
DA:596,1
DA:604,1
DA:605,1
DA:606,1
DA:614,1
DA:615,1
DA:616,1
DA:624,1
DA:625,1
DA:626,1
DA:634,1
DA:635,1
DA:636,1
DA:640,0
DA:650,1
DA:651,1
DA:652,1
DA:660,1
DA:661,1
DA:663,1
DA:664,1
DA:669,1
DA:677,1
DA:678,1
DA:679,1
DA:687,1
DA:688,1
DA:689,1
DA:697,1
DA:698,1
DA:699,1
DA:702,0
DA:703,0
DA:713,1
DA:714,1
DA:716,1
DA:717,1
DA:719,0
DA:720,0
DA:729,1
DA:730,1
DA:732,1
DA:733,1
DA:735,0
DA:736,0
DA:745,1
DA:746,1
DA:747,1
DA:748,1
DA:750,0
DA:760,1
DA:761,1
DA:762,1
DA:763,1
DA:771,1
DA:772,1
DA:774,1
DA:775,1
DA:776,1
DA:777,0
DA:785,1
DA:786,1
DA:788,1
DA:789,1
DA:790,1
DA:792,0
DA:793,0
DA:804,1
DA:805,1
DA:807,1
DA:808,0
DA:809,0
DA:810,0
DA:812,1
DA:813,1
DA:822,1
DA:823,1
DA:825,1
DA:826,0
DA:828,1
DA:830,1
DA:840,0
DA:841,0
DA:842,0
DA:852,0
DA:865,1
DA:866,0
DA:878,0
DA:887,1
DA:888,0
DA:889,0
DA:890,0
DA:891,0
DA:892,0
DA:893,0
DA:894,0
DA:895,0
DA:896,0
DA:898,0
DA:899,0
DA:907,1
DA:908,0
DA:916,1
DA:917,0
DA:932,1
DA:933,1
DA:934,1
DA:935,1
DA:936,1
DA:937,1
LF:265
LH:229
BRDA:118,1,0,0
BRDA:118,1,1,1
BRDA:133,2,0,0
BRDA:133,2,1,1
BRDA:588,3,0,1
BRDA:588,3,1,0
BRDA:663,4,0,1
BRDA:663,4,1,0
BRDA:716,5,0,1
BRDA:716,5,1,0
BRDA:732,6,0,1
BRDA:732,6,1,0
BRDA:747,7,0,1
BRDA:747,7,1,0
BRDA:774,8,0,1
BRDA:774,8,1,0
BRDA:788,9,0,1
BRDA:788,9,1,0
BRDA:807,10,0,0
BRDA:807,10,1,1
BRDA:825,11,0,0
BRDA:825,11,1,1
BRF:22
BRH:11
end_of_record
TN:
SF:/home/nathan/Documents/workspace/lib/os/gennode_authorization/src/lib/index.js
FN:26,replacer
FN:32,(anonymous_2)
FN:41,copyFile
FN:52,renameFile
FN:55,(anonymous_5)
FN:66,replacePlaceHolders
FNF:6
FNH:6
FNDA:43,replacer
FNDA:43,(anonymous_2)
FNDA:43,copyFile
FNDA:43,renameFile
FNDA:43,(anonymous_5)
FNDA:43,replacePlaceHolders
DA:10,1
DA:26,1
DA:28,43
DA:33,43
DA:41,1
DA:43,43
DA:44,43
DA:52,1
DA:54,43
DA:55,43
DA:56,43
DA:66,1
DA:68,43
DA:69,43
DA:70,43
DA:72,43
DA:75,0
LF:17
LH:16
BRDA:68,1,0,43
BRDA:68,1,1,0
BRF:2
BRH:1
end_of_record
TN:
SF:/home/nathan/Documents/workspace/lib/os/gennode_authorization/src/config/index.js
FNF:0
FNH:0
DA:10,1
LF:1
LH:1
BRF:0
BRH:0
end_of_record
TN:
SF:/home/nathan/Documents/workspace/lib/os/gennode_authorization/src/mergedConfig.js
FNF:0
FNH:0
DA:10,1
LF:1
LH:1
BRF:0
BRH:0
end_of_record
TN:
SF:/home/nathan/Documents/workspace/lib/os/gennode_authorization/src/config/constants.js
FNF:0
FNH:0
DA:10,1
LF:1
LH:1
BRF:0
BRH:0
end_of_record
TN:
SF:/home/nathan/Documents/workspace/lib/os/gennode_authorization/src/generators/replacers.js
FN:21,packageJSON
FN:73,(anonymous_2)
FNF:2
FNH:1
FNDA:43,packageJSON
FNDA:0,(anonymous_2)
DA:10,1
DA:21,1
DA:23,43
DA:73,1
DA:74,0
LF:5
LH:4
BRDA:45,1,0,2
BRDA:45,1,1,41
BRF:2
BRH:2
end_of_record
