TN:
SF:/home/nathan/Documents/workspace/lib/os/gennode_authorization/main.js
FN:42,(anonymous_1)
FN:71,(anonymous_2)
FN:90,locateConfigFile
FN:103,mergeConfigFile
FN:115,validateConfigFile
FN:130,refactorConfigFile
FN:144,generateDirectories
FN:158,generatePackageJSON
FN:168,generateGit
FN:171,(anonymous_10)
FN:181,generateEnvironmentFile
FN:191,generateApp
FN:202,generateConfig
FN:212,generateControllers
FN:224,(anonymous_15)
FN:233,generateAcm
FN:243,generateAdmin
FN:253,generateLog
FN:263,generateRole
FN:273,generateSchema
FN:283,generateService
FN:293,generateToken
FN:303,generateUser
FN:314,generateDals
FN:324,(anonymous_25)
FN:333,generateAcm
FN:343,generateAdmin
FN:353,generateRole
FN:363,generateSchema
FN:373,generateService
FN:383,generateUser
FN:395,generateLibs
FN:408,(anonymous_33)
FN:417,generateAccessRoutes
FN:427,generateConstants
FN:437,generateErrorCodes
FN:447,generateConstantIndex
FN:457,generateHelperIndex
FN:467,generateControllerHelper
FN:477,generateAuthorizeMW
FN:487,generateApiIndex
FN:497,generateInitializer
FN:508,generateModels
FN:518,(anonymous_44)
FN:527,generateAcm
FN:538,generateAdmin
FN:549,generateRole
FN:559,generateSchema
FN:569,generateService
FN:579,generateUser
FN:585,generateRoutes
FN:600,(anonymous_52)
FN:609,generateAcm
FN:619,generateAdmin
FN:629,generateIndex
FN:640,generateLog
FN:650,generateRole
FN:660,generateSchema
FN:670,generateService
FN:680,generateToken
FN:690,generateUser
FN:700,generateSocketIndex
FN:710,generateSocketLog
FN:721,generateTestFiles
FN:730,(anonymous_65)
FN:740,generateDummyData
FN:750,generateStressFile
FN:760,generateTestFile
FN:770,generateUrlGenerator
FN:786,generateJenkinsFile
FN:796,generateDockerFile
FN:804,(anonymous_72)
FN:813,generateDockerIgnore
FN:823,generateDockerCompose
FN:833,generateDocker
FN:849,generatePostManCollectionFile
FN:865,generateReadMeFile
FN:881,generateApiDocJSON
FN:895,installPackages
FN:906,generateTestReportAndCoverage
FN:920,generateDocumentation
FN:937,commitFiles
FN:955,runServer
FN:972,(anonymous_84)
FN:974,(anonymous_85)
FN:984,(anonymous_86)
FN:990,(anonymous_87)
FN:998,createEnvironmentObject
FN:1021,removeEnvironmentObjectFromAnswers
FN:1041,mergeDefaultConfigAndAnswer
FN:1050,generateConfigurationFile
FN:1063,mergeConfigFiles
FNF:92
FNH:5
FNDA:1,(anonymous_1)
FNDA:0,(anonymous_2)
FNDA:1,locateConfigFile
FNDA:1,mergeConfigFile
FNDA:1,validateConfigFile
FNDA:0,refactorConfigFile
FNDA:0,generateDirectories
FNDA:0,generatePackageJSON
FNDA:0,generateGit
FNDA:0,(anonymous_10)
FNDA:0,generateEnvironmentFile
FNDA:0,generateApp
FNDA:0,generateConfig
FNDA:0,generateControllers
FNDA:0,(anonymous_15)
FNDA:0,generateAcm
FNDA:0,generateAdmin
FNDA:0,generateLog
FNDA:0,generateRole
FNDA:0,generateSchema
FNDA:0,generateService
FNDA:0,generateToken
FNDA:0,generateUser
FNDA:0,generateDals
FNDA:0,(anonymous_25)
FNDA:0,generateAcm
FNDA:0,generateAdmin
FNDA:0,generateRole
FNDA:0,generateSchema
FNDA:0,generateService
FNDA:0,generateUser
FNDA:0,generateLibs
FNDA:0,(anonymous_33)
FNDA:0,generateAccessRoutes
FNDA:0,generateConstants
FNDA:0,generateErrorCodes
FNDA:0,generateConstantIndex
FNDA:0,generateHelperIndex
FNDA:0,generateControllerHelper
FNDA:0,generateAuthorizeMW
FNDA:0,generateApiIndex
FNDA:0,generateInitializer
FNDA:0,generateModels
FNDA:0,(anonymous_44)
FNDA:0,generateAcm
FNDA:0,generateAdmin
FNDA:0,generateRole
FNDA:0,generateSchema
FNDA:0,generateService
FNDA:0,generateUser
FNDA:0,generateRoutes
FNDA:0,(anonymous_52)
FNDA:0,generateAcm
FNDA:0,generateAdmin
FNDA:0,generateIndex
FNDA:0,generateLog
FNDA:0,generateRole
FNDA:0,generateSchema
FNDA:0,generateService
FNDA:0,generateToken
FNDA:0,generateUser
FNDA:0,generateSocketIndex
FNDA:0,generateSocketLog
FNDA:0,generateTestFiles
FNDA:0,(anonymous_65)
FNDA:0,generateDummyData
FNDA:0,generateStressFile
FNDA:0,generateTestFile
FNDA:0,generateUrlGenerator
FNDA:0,generateJenkinsFile
FNDA:0,generateDockerFile
FNDA:0,(anonymous_72)
FNDA:0,generateDockerIgnore
FNDA:0,generateDockerCompose
FNDA:0,generateDocker
FNDA:0,generatePostManCollectionFile
FNDA:0,generateReadMeFile
FNDA:0,generateApiDocJSON
FNDA:0,installPackages
FNDA:0,generateTestReportAndCoverage
FNDA:0,generateDocumentation
FNDA:0,commitFiles
FNDA:0,runServer
FNDA:0,(anonymous_84)
FNDA:0,(anonymous_85)
FNDA:0,(anonymous_86)
FNDA:0,(anonymous_87)
FNDA:0,createEnvironmentObject
FNDA:0,removeEnvironmentObjectFromAnswers
FNDA:0,mergeDefaultConfigAndAnswer
FNDA:0,generateConfigurationFile
FNDA:1,mergeConfigFiles
DA:10,1
DA:26,1
DA:34,1
DA:44,1
DA:72,0
DA:73,0
DA:82,0
DA:90,1
DA:91,1
DA:92,1
DA:93,1
DA:94,1
DA:95,1
DA:103,1
DA:104,1
DA:105,1
DA:115,1
DA:116,1
DA:118,1
DA:119,1
DA:121,0
DA:130,1
DA:131,0
DA:133,0
DA:134,0
DA:136,0
DA:144,1
DA:145,0
DA:147,0
DA:148,0
DA:149,0
DA:150,0
DA:158,1
DA:159,0
DA:160,0
DA:168,1
DA:169,0
DA:170,0
DA:171,0
DA:172,0
DA:181,1
DA:182,0
DA:183,0
DA:191,1
DA:192,0
DA:193,0
DA:202,1
DA:203,0
DA:204,0
DA:212,1
DA:213,0
DA:215,0
DA:225,0
DA:233,1
DA:234,0
DA:235,0
DA:243,1
DA:244,0
DA:245,0
DA:253,1
DA:254,0
DA:255,0
DA:263,1
DA:264,0
DA:265,0
DA:273,1
DA:274,0
DA:275,0
DA:283,1
DA:284,0
DA:285,0
DA:293,1
DA:294,0
DA:295,0
DA:303,1
DA:304,0
DA:305,0
DA:314,1
DA:315,0
DA:317,0
DA:325,0
DA:333,1
DA:334,0
DA:335,0
DA:343,1
DA:344,0
DA:345,0
DA:353,1
DA:354,0
DA:355,0
DA:363,1
DA:364,0
DA:365,0
DA:373,1
DA:374,0
DA:375,0
DA:383,1
DA:384,0
DA:385,0
DA:395,1
DA:396,0
DA:398,0
DA:409,0
DA:417,1
DA:418,0
DA:419,0
DA:427,1
DA:428,0
DA:429,0
DA:437,1
DA:438,0
DA:439,0
DA:447,1
DA:448,0
DA:449,0
DA:457,1
DA:458,0
DA:459,0
DA:467,1
DA:468,0
DA:469,0
DA:477,1
DA:478,0
DA:479,0
DA:487,1
DA:488,0
DA:489,0
DA:497,1
DA:498,0
DA:499,0
DA:508,1
DA:509,0
DA:511,0
DA:519,0
DA:527,1
DA:528,0
DA:529,0
DA:538,1
DA:539,0
DA:540,0
DA:549,1
DA:550,0
DA:551,0
DA:559,1
DA:560,0
DA:561,0
DA:569,1
DA:570,0
DA:571,0
DA:579,1
DA:580,0
DA:581,0
DA:585,1
DA:586,0
DA:588,0
DA:601,0
DA:609,1
DA:610,0
DA:611,0
DA:619,1
DA:620,0
DA:621,0
DA:629,1
DA:630,0
DA:631,0
DA:640,1
DA:641,0
DA:642,0
DA:650,1
DA:651,0
DA:652,0
DA:660,1
DA:661,0
DA:662,0
DA:670,1
DA:671,0
DA:672,0
DA:680,1
DA:681,0
DA:682,0
DA:690,1
DA:691,0
DA:692,0
DA:700,1
DA:701,0
DA:702,0
DA:710,1
DA:711,0
DA:712,0
DA:721,1
DA:722,0
DA:724,0
DA:725,0
DA:731,0
DA:732,0
DA:740,1
DA:741,0
DA:742,0
DA:750,1
DA:751,0
DA:752,0
DA:760,1
DA:761,0
DA:762,0
DA:770,1
DA:771,0
DA:772,0
DA:776,0
DA:786,1
DA:787,0
DA:788,0
DA:796,1
DA:797,0
DA:799,0
DA:800,0
DA:805,0
DA:813,1
DA:814,0
DA:815,0
DA:823,1
DA:824,0
DA:825,0
DA:833,1
DA:834,0
DA:835,0
DA:838,0
DA:839,0
DA:849,1
DA:850,0
DA:852,0
DA:853,0
DA:855,0
DA:856,0
DA:865,1
DA:866,0
DA:868,0
DA:869,0
DA:871,0
DA:872,0
DA:881,1
DA:882,0
DA:883,0
DA:884,0
DA:886,0
DA:895,1
DA:896,0
DA:897,0
DA:898,0
DA:906,1
DA:907,0
DA:909,0
DA:910,0
DA:911,0
DA:912,0
DA:920,1
DA:921,0
DA:923,0
DA:924,0
DA:925,0
DA:927,0
DA:928,0
DA:937,1
DA:938,0
DA:940,0
DA:941,0
DA:942,0
DA:943,0
DA:945,0
DA:946,0
DA:955,1
DA:956,0
DA:958,0
DA:959,0
DA:961,0
DA:963,0
DA:973,0
DA:974,0
DA:975,0
DA:985,0
DA:998,1
DA:999,0
DA:1012,0
DA:1021,1
DA:1022,0
DA:1023,0
DA:1024,0
DA:1025,0
DA:1026,0
DA:1027,0
DA:1028,0
DA:1029,0
DA:1030,0
DA:1032,0
DA:1033,0
DA:1041,1
DA:1042,0
DA:1050,1
DA:1051,0
DA:1063,1
DA:1064,1
DA:1065,1
DA:1066,1
DA:1067,1
DA:1068,1
LF:304
LH:97
BRDA:118,1,0,1
BRDA:118,1,1,0
BRDA:133,2,0,0
BRDA:133,2,1,0
BRDA:724,3,0,0
BRDA:724,3,1,0
BRDA:799,4,0,0
BRDA:799,4,1,0
BRDA:852,5,0,0
BRDA:852,5,1,0
BRDA:868,6,0,0
BRDA:868,6,1,0
BRDA:883,7,0,0
BRDA:883,7,1,0
BRDA:909,8,0,0
BRDA:909,8,1,0
BRDA:923,9,0,0
BRDA:923,9,1,0
BRDA:940,10,0,0
BRDA:940,10,1,0
BRDA:958,11,0,0
BRDA:958,11,1,0
BRF:22
BRH:1
end_of_record
TN:
SF:/home/nathan/Documents/workspace/lib/os/gennode_authorization/src/lib/index.js
FN:26,replacer
FN:32,(anonymous_2)
FN:41,copyFile
FN:52,renameFile
FN:55,(anonymous_5)
FN:66,replacePlaceHolders
FNF:6
FNH:0
FNDA:0,replacer
FNDA:0,(anonymous_2)
FNDA:0,copyFile
FNDA:0,renameFile
FNDA:0,(anonymous_5)
FNDA:0,replacePlaceHolders
DA:10,1
DA:26,1
DA:28,0
DA:33,0
DA:41,1
DA:43,0
DA:44,0
DA:52,1
DA:54,0
DA:55,0
DA:56,0
DA:66,1
DA:68,0
DA:69,0
DA:70,0
DA:72,0
DA:75,0
LF:17
LH:5
BRDA:68,1,0,0
BRDA:68,1,1,0
BRF:2
BRH:0
end_of_record
TN:
SF:/home/nathan/Documents/workspace/lib/os/gennode_authorization/src/config/index.js
FNF:0
FNH:0
DA:10,1
LF:1
LH:1
BRF:0
BRH:0
end_of_record
TN:
SF:/home/nathan/Documents/workspace/lib/os/gennode_authorization/src/mergedConfig.js
FNF:0
FNH:0
DA:10,1
LF:1
LH:1
BRF:0
BRH:0
end_of_record
TN:
SF:/home/nathan/Documents/workspace/lib/os/gennode_authorization/src/config/constants.js
FNF:0
FNH:0
DA:10,1
LF:1
LH:1
BRF:0
BRH:0
end_of_record
TN:
SF:/home/nathan/Documents/workspace/lib/os/gennode_authorization/src/generators/replacers.js
FN:21,packageJSON
FN:75,(anonymous_2)
FNF:2
FNH:0
FNDA:0,packageJSON
FNDA:0,(anonymous_2)
DA:10,1
DA:21,1
DA:23,0
DA:75,1
DA:76,0
LF:5
LH:3
BRDA:46,1,0,0
BRDA:46,1,1,0
BRF:2
BRH:0
end_of_record
